2023-09-24 16:37:00,553 [INFO] Activator:176 - 


2023-09-24 16:37:00,562 [INFO] Activator:177 - !SESSION log4j initialized
2023-09-24 16:37:11,673 [INFO] LogOutputStream:77 - [STDOUT_REDIRECT] 
2023-09-24 16:37:34,718 [ERROR] LogOutputStream:75 - [STDERR_REDIRECT] SLF4J: Failed to load class "org.slf4j.impl.StaticLoggerBinder".
2023-09-24 16:37:34,719 [ERROR] LogOutputStream:75 - [STDERR_REDIRECT] SLF4J: Defaulting to no-operation (NOP) logger implementation
2023-09-24 16:37:34,721 [ERROR] LogOutputStream:75 - [STDERR_REDIRECT] SLF4J: See http://www.slf4j.org/codes.html#StaticLoggerBinder for further details.
2023-09-24 16:44:28,748 [INFO] ApplicationProperties:184 - Using Application install path: D:\ST\STM32CubeIDE_1.12.0\STM32CubeIDE\plugins\com.st.stm32cube.common.mx_6.8.0.202302231600
2023-09-24 16:44:28,839 [INFO] DbMcusXml:78 - Set database path to: D:\ST\STM32CubeIDE_1.12.0\STM32CubeIDE\plugins\com.st.stm32cube.common.mx_6.8.0.202302231600\\db\/mcu/
2023-09-24 16:44:28,840 [INFO] ApiDb:274 - Set plugin database path to: D:\ST\STM32CubeIDE_1.12.0\STM32CubeIDE\plugins\com.st.stm32cube.common.mx_6.8.0.202302231600\\db\/plugins/boardmanager/
2023-09-24 16:44:28,843 [WARN] ApiDb:259 - Overriding images path with different value:  => D:\ST\STM32CubeIDE_1.12.0\STM32CubeIDE\plugins\com.st.stm32cube.common.mx_6.8.0.202302231600\\db\/plugins/mcufinder/images/
2023-09-24 16:44:28,908 [INFO] ApiDb:250 - Set database path to: C:\Users\josem\.stmcufinder\plugins\mcufinder//mcu/
2023-09-24 16:44:28,911 [INFO] DbMcusAds:125 - Set database path to: C:\Users\josem\.stmcufinder\plugins\mcufinder//mcu/
2023-09-24 16:44:29,191 [INFO] CrossReferenceDbSqlite:203 - Set database path to: C:\Users\josem\.stmcufinder\plugins\mcufinder//mcu/cs/
2023-09-24 16:44:29,461 [INFO] RulesReader:64 - Compatibility file has been processed (293 Rules)
2023-09-24 16:44:29,712 [INFO] DbMcusXml:78 - Set database path to: D:\ST\STM32CubeIDE_1.12.0\STM32CubeIDE\plugins\com.st.stm32cube.common.mx_6.8.0.202302231600\\db\/mcu/
2023-09-24 16:44:29,713 [INFO] ApiDb:274 - Set plugin database path to: D:\ST\STM32CubeIDE_1.12.0\STM32CubeIDE\plugins\com.st.stm32cube.common.mx_6.8.0.202302231600\\db\/plugins/boardmanager/
2023-09-24 16:44:29,713 [INFO] ApiDb:261 - Set plugin images path to: D:\ST\STM32CubeIDE_1.12.0\STM32CubeIDE\plugins\com.st.stm32cube.common.mx_6.8.0.202302231600\\db\/plugins/mcufinder/images/
2023-09-24 16:44:29,713 [WARN] DbFile:41 - Overriding database path with different value: C:\Users\josem\.stmcufinder\plugins\mcufinder/ => C:\Users\josem\.stmcufinder\plugins\mcufinder
2023-09-24 16:44:29,713 [INFO] ApiDb:250 - Set database path to: C:\Users\josem\.stmcufinder\plugins\mcufinder//mcu/
2023-09-24 16:44:29,713 [WARN] DbFile:41 - Overriding database path with different value: C:\Users\josem\.stmcufinder\plugins\mcufinder/ => C:\Users\josem\.stmcufinder\plugins\mcufinder
2023-09-24 16:44:29,713 [INFO] DbMcusAds:125 - Set database path to: C:\Users\josem\.stmcufinder\plugins\mcufinder//mcu/
2023-09-24 16:44:29,713 [WARN] DbFile:41 - Overriding database path with different value: C:\Users\josem\.stmcufinder\plugins\mcufinder/ => C:\Users\josem\.stmcufinder\plugins\mcufinder
2023-09-24 16:44:29,713 [WARN] DbFile:41 - Overriding database path with different value: C:\Users\josem\.stmcufinder\plugins\mcufinder/ => C:\Users\josem\.stmcufinder\plugins\mcufinder
2023-09-24 16:44:29,714 [INFO] CrossReferenceDbSqlite:203 - Set database path to: C:\Users\josem\.stmcufinder\plugins\mcufinder//mcu/cs/
2023-09-24 16:44:30,018 [INFO] MainPanel:253 - HeapMemory: 468713472
2023-09-24 16:44:30,308 [INFO] DbMcusXml:78 - Set database path to: D:\ST\STM32CubeIDE_1.12.0\STM32CubeIDE\plugins\com.st.stm32cube.common.mx_6.8.0.202302231600\\db\/mcu/
2023-09-24 16:44:30,309 [INFO] ApiDb:274 - Set plugin database path to: D:\ST\STM32CubeIDE_1.12.0\STM32CubeIDE\plugins\com.st.stm32cube.common.mx_6.8.0.202302231600\\db\/plugins/boardmanager/
2023-09-24 16:44:30,309 [INFO] ApiDb:261 - Set plugin images path to: D:\ST\STM32CubeIDE_1.12.0\STM32CubeIDE\plugins\com.st.stm32cube.common.mx_6.8.0.202302231600\\db\/plugins/mcufinder/images/
2023-09-24 16:44:30,309 [WARN] DbFile:41 - Overriding database path with different value: C:\Users\josem\.stmcufinder\plugins\mcufinder/ => C:\Users\josem\.stmcufinder\plugins\mcufinder
2023-09-24 16:44:30,310 [INFO] ApiDb:250 - Set database path to: C:\Users\josem\.stmcufinder\plugins\mcufinder//mcu/
2023-09-24 16:44:30,310 [WARN] DbFile:41 - Overriding database path with different value: C:\Users\josem\.stmcufinder\plugins\mcufinder/ => C:\Users\josem\.stmcufinder\plugins\mcufinder
2023-09-24 16:44:30,310 [INFO] DbMcusAds:125 - Set database path to: C:\Users\josem\.stmcufinder\plugins\mcufinder//mcu/
2023-09-24 16:44:30,310 [WARN] DbFile:41 - Overriding database path with different value: C:\Users\josem\.stmcufinder\plugins\mcufinder/ => C:\Users\josem\.stmcufinder\plugins\mcufinder
2023-09-24 16:44:30,310 [WARN] DbFile:41 - Overriding database path with different value: C:\Users\josem\.stmcufinder\plugins\mcufinder/ => C:\Users\josem\.stmcufinder\plugins\mcufinder
2023-09-24 16:44:30,310 [INFO] CrossReferenceDbSqlite:203 - Set database path to: C:\Users\josem\.stmcufinder\plugins\mcufinder//mcu/cs/
2023-09-24 16:44:30,347 [INFO] ApplicationProperties:184 - Using Application install path: D:\ST\STM32CubeIDE_1.12.0\STM32CubeIDE\plugins\com.st.stm32cube.common.mx_6.8.0.202302231600
2023-09-24 16:44:30,350 [INFO] PluginManage:196 - Search for loadable plugins [exclusion list=, ]
2023-09-24 16:44:30,354 [INFO] PluginManage:310 - Check plugin analytics
2023-09-24 16:44:30,705 [INFO] AnalyticsPlugin:253 - Accepted Software Licenses: 
2023-09-24 16:44:30,707 [INFO] AnalyticsPlugin:255 - Accepted CMSIS Pack Licenses: 
2023-09-24 16:44:30,708 [INFO] AnalyticsPlugin:257 - Accepted Firmware Licenses: 
2023-09-24 16:44:30,725 [INFO] PluginManage:359 - Loaded plugin analytics (category:tool,tabindex:-1)
2023-09-24 16:44:30,726 [INFO] PluginManage:310 - Check plugin cadmodel
2023-09-24 16:44:30,779 [INFO] CADModel:105 - Init CAD model plugin
2023-09-24 16:44:30,780 [INFO] PluginManage:359 - Loaded plugin cadmodel (category:power,tabindex:5)
2023-09-24 16:44:30,780 [INFO] PluginManage:310 - Check plugin clock
2023-09-24 16:44:30,831 [INFO] PluginManage:359 - Loaded plugin clock (category:base,tabindex:2)
2023-09-24 16:44:30,831 [INFO] PluginManage:310 - Check plugin ddr
2023-09-24 16:44:30,850 [INFO] PluginManage:359 - Loaded plugin ddr (category:tool,tabindex:6)
2023-09-24 16:44:30,851 [INFO] PluginManage:310 - Check plugin filemanager
2023-09-24 16:44:31,229 [INFO] PluginManage:359 - Loaded plugin filemanager (category:base,tabindex:10)
2023-09-24 16:44:31,230 [INFO] PluginManage:310 - Check plugin ipmanager
2023-09-24 16:44:31,251 [INFO] PluginManage:359 - Loaded plugin ipmanager (category:base,tabindex:5)
2023-09-24 16:44:31,252 [INFO] PluginManage:310 - Check plugin lpbam
2023-09-24 16:44:31,293 [INFO] PluginManage:359 - Loaded plugin lpbam (category:base,tabindex:0)
2023-09-24 16:44:31,293 [INFO] PluginManage:310 - Check plugin pinoutandconfiguration
2023-09-24 16:44:31,318 [INFO] PluginManage:359 - Loaded plugin pinoutandconfiguration (category:base,tabindex:1)
2023-09-24 16:44:31,318 [INFO] PluginManage:310 - Check plugin pinoutconfig
2023-09-24 16:44:31,637 [WARN] SupportedApi:132 - Cannot load RTOS API schema: s4s-elt-must-match.1: The content of 'definitions' must match (annotation?, (simpleType | complexType)?, (unique | key | keyref)*)). A problem was found starting at: attribute.
2023-09-24 16:44:32,070 [INFO] PluginManage:359 - Loaded plugin pinoutconfig (category:base,tabindex:0)
2023-09-24 16:44:32,071 [INFO] PluginManage:310 - Check plugin power
2023-09-24 16:44:32,140 [INFO] PluginManage:359 - Loaded plugin power (category:power,tabindex:4)
2023-09-24 16:44:32,140 [INFO] PluginManage:310 - Check plugin projectmanager
2023-09-24 16:44:32,191 [INFO] PluginManage:359 - Loaded plugin projectmanager (category:projectmanager,tabindex:3)
2023-09-24 16:44:32,191 [INFO] PluginManage:310 - Check plugin thirdparty
2023-09-24 16:44:32,758 [INFO] PluginManage:359 - Loaded plugin thirdparty (category:base,tabindex:-1)
2023-09-24 16:44:32,758 [WARN] IntegrityCheckThread:84 - waiting for thirdparty lock release [integrity check]
2023-09-24 16:44:32,759 [INFO] PluginManage:310 - Check plugin tools
2023-09-24 16:44:32,759 [INFO] IntegrityCheckThread:86 - entering critical section [integrity check]
2023-09-24 16:44:32,760 [INFO] ThirdPartyUpdaterWithRetryManager:70 - Updater plugin not ready yet. [1/15]
2023-09-24 16:44:32,810 [INFO] PluginManage:359 - Loaded plugin tools (category:base,tabindex:7)
2023-09-24 16:44:32,810 [INFO] PluginManage:310 - Check plugin tutovideos
2023-09-24 16:44:33,361 [INFO] PluginManage:359 - Loaded plugin tutovideos (category:base,tabindex:-1)
2023-09-24 16:44:33,362 [INFO] PluginManage:310 - Check plugin updater
2023-09-24 16:44:33,422 [INFO] PluginManage:359 - Loaded plugin updater (category:base,tabindex:12)
2023-09-24 16:44:33,423 [INFO] PluginManage:283 - PluginManage : Loaded plugins [15]
2023-09-24 16:44:34,088 [INFO] PinOutPanel:1499 - setPackage(No Configuration,No Configuration)
2023-09-24 16:44:34,266 [INFO] CADModel:165 - CPN selected for project level
2023-09-24 16:44:34,266 [INFO] CADModel:114 - Register for checkConnection events
2023-09-24 16:44:34,364 [INFO] IPUIPlugin:80 - create IPUIPlugin
2023-09-24 16:44:34,365 [INFO] PluginManager:220 - loadIPPluginJar : add adc
2023-09-24 16:44:34,410 [INFO] IPUIPlugin:80 - create IPUIPlugin
2023-09-24 16:44:34,410 [INFO] PluginManager:220 - loadIPPluginJar : add aes
2023-09-24 16:44:34,474 [INFO] IPUIPlugin:80 - create IPUIPlugin
2023-09-24 16:44:34,475 [INFO] PluginManager:220 - loadIPPluginJar : add can
2023-09-24 16:44:34,519 [INFO] IPUIPlugin:80 - create IPUIPlugin
2023-09-24 16:44:34,519 [INFO] PluginManager:220 - loadIPPluginJar : add comp
2023-09-24 16:44:34,576 [INFO] IPUIPlugin:80 - create IPUIPlugin
2023-09-24 16:44:34,577 [INFO] PluginManager:220 - loadIPPluginJar : add cryp
2023-09-24 16:44:34,628 [INFO] IPUIPlugin:80 - create IPUIPlugin
2023-09-24 16:44:34,629 [INFO] PluginManager:220 - loadIPPluginJar : add dfsdm
2023-09-24 16:44:34,660 [INFO] IPUIPlugin:80 - create IPUIPlugin
2023-09-24 16:44:34,661 [INFO] PluginManager:220 - loadIPPluginJar : add dma
2023-09-24 16:44:34,725 [INFO] IPUIPlugin:80 - create IPUIPlugin
2023-09-24 16:44:34,725 [INFO] PluginManager:220 - loadIPPluginJar : add dma3
2023-09-24 16:44:34,759 [INFO] IPUIPlugin:80 - create IPUIPlugin
2023-09-24 16:44:34,759 [INFO] PluginManager:220 - loadIPPluginJar : add fatfs
2023-09-24 16:44:34,818 [INFO] IPUIPlugin:80 - create IPUIPlugin
2023-09-24 16:44:34,818 [INFO] PluginManager:220 - loadIPPluginJar : add fmc
2023-09-24 16:44:34,842 [INFO] IPUIPlugin:80 - create IPUIPlugin
2023-09-24 16:44:34,842 [INFO] PluginManager:220 - loadIPPluginJar : add freertos
2023-09-24 16:44:34,872 [INFO] IPUIPlugin:80 - create IPUIPlugin
2023-09-24 16:44:34,872 [INFO] PluginManager:220 - loadIPPluginJar : add genericplugin
2023-09-24 16:44:35,019 [INFO] IPUIPlugin:80 - create IPUIPlugin
2023-09-24 16:44:35,019 [INFO] PluginManager:220 - loadIPPluginJar : add gfxmmu
2023-09-24 16:44:35,194 [INFO] IPUIPlugin:80 - create IPUIPlugin
2023-09-24 16:44:35,194 [INFO] PluginManager:220 - loadIPPluginJar : add gic
2023-09-24 16:44:35,212 [INFO] IPUIPlugin:80 - create IPUIPlugin
2023-09-24 16:44:35,213 [INFO] PluginManager:220 - loadIPPluginJar : add gpio
2023-09-24 16:44:35,320 [INFO] IPUIPlugin:80 - create IPUIPlugin
2023-09-24 16:44:35,320 [INFO] PluginManager:220 - loadIPPluginJar : add gtzc
2023-09-24 16:44:35,369 [INFO] IPUIPlugin:80 - create IPUIPlugin
2023-09-24 16:44:35,369 [INFO] PluginManager:220 - loadIPPluginJar : add hash
2023-09-24 16:44:35,450 [INFO] IPUIPlugin:80 - create IPUIPlugin
2023-09-24 16:44:35,450 [INFO] PluginManager:220 - loadIPPluginJar : add i2c
2023-09-24 16:44:35,507 [INFO] IPUIPlugin:80 - create IPUIPlugin
2023-09-24 16:44:35,508 [INFO] PluginManager:220 - loadIPPluginJar : add i2s
2023-09-24 16:44:35,567 [INFO] IPUIPlugin:80 - create IPUIPlugin
2023-09-24 16:44:35,568 [INFO] PluginManager:220 - loadIPPluginJar : add i3c
2023-09-24 16:44:35,753 [INFO] IPUIPlugin:80 - create IPUIPlugin
2023-09-24 16:44:35,754 [INFO] PluginManager:220 - loadIPPluginJar : add ipddr
2023-09-24 16:44:35,774 [INFO] ThirdPartyUpdaterWithRetryManager:70 - Updater plugin not ready yet. [2/15]
2023-09-24 16:44:35,938 [INFO] IPUIPlugin:80 - create IPUIPlugin
2023-09-24 16:44:35,938 [INFO] PluginManager:220 - loadIPPluginJar : add linkedlist
2023-09-24 16:44:35,989 [INFO] IPUIPlugin:80 - create IPUIPlugin
2023-09-24 16:44:35,989 [INFO] PluginManager:220 - loadIPPluginJar : add lorawan
2023-09-24 16:44:36,037 [INFO] IPUIPlugin:80 - create IPUIPlugin
2023-09-24 16:44:36,037 [INFO] PluginManager:220 - loadIPPluginJar : add ltdc
2023-09-24 16:44:36,066 [INFO] IPUIPlugin:80 - create IPUIPlugin
2023-09-24 16:44:36,066 [INFO] PluginManager:220 - loadIPPluginJar : add mdma
2023-09-24 16:44:36,085 [INFO] IPUIPlugin:80 - create IPUIPlugin
2023-09-24 16:44:36,086 [INFO] PluginManager:220 - loadIPPluginJar : add nvic
2023-09-24 16:44:36,145 [INFO] IPUIPlugin:80 - create IPUIPlugin
2023-09-24 16:44:36,146 [INFO] PluginManager:220 - loadIPPluginJar : add opamp
2023-09-24 16:44:36,238 [INFO] IPUIPlugin:80 - create IPUIPlugin
2023-09-24 16:44:36,238 [INFO] PluginManager:220 - loadIPPluginJar : add openamp
2023-09-24 16:44:36,305 [INFO] IPUIPlugin:80 - create IPUIPlugin
2023-09-24 16:44:36,305 [INFO] PluginManager:220 - loadIPPluginJar : add pdm2pcm
2023-09-24 16:44:36,337 [INFO] IPUIPlugin:80 - create IPUIPlugin
2023-09-24 16:44:36,342 [INFO] PluginManager:220 - loadIPPluginJar : add plateformsettings
2023-09-24 16:44:36,394 [INFO] IPUIPlugin:80 - create IPUIPlugin
2023-09-24 16:44:36,394 [INFO] PluginManager:220 - loadIPPluginJar : add quadspi
2023-09-24 16:44:36,436 [INFO] IPUIPlugin:80 - create IPUIPlugin
2023-09-24 16:44:36,437 [INFO] PluginManager:220 - loadIPPluginJar : add resmgrutility
2023-09-24 16:44:36,517 [INFO] IPUIPlugin:80 - create IPUIPlugin
2023-09-24 16:44:36,517 [INFO] PluginManager:220 - loadIPPluginJar : add sai
2023-09-24 16:44:36,570 [INFO] IPUIPlugin:80 - create IPUIPlugin
2023-09-24 16:44:36,571 [INFO] PluginManager:220 - loadIPPluginJar : add spi
2023-09-24 16:44:36,642 [INFO] IPUIPlugin:80 - create IPUIPlugin
2023-09-24 16:44:36,643 [INFO] PluginManager:220 - loadIPPluginJar : add stm32_wpan
2023-09-24 16:44:36,674 [INFO] IPUIPlugin:80 - create IPUIPlugin
2023-09-24 16:44:36,674 [INFO] PluginManager:220 - loadIPPluginJar : add tim
2023-09-24 16:44:36,750 [INFO] IPUIPlugin:80 - create IPUIPlugin
2023-09-24 16:44:36,750 [INFO] PluginManager:220 - loadIPPluginJar : add touchsensing
2023-09-24 16:44:36,781 [INFO] IPUIPlugin:80 - create IPUIPlugin
2023-09-24 16:44:36,781 [INFO] PluginManager:220 - loadIPPluginJar : add tracer_emb
2023-09-24 16:44:36,811 [INFO] IPUIPlugin:80 - create IPUIPlugin
2023-09-24 16:44:36,813 [INFO] PluginManager:220 - loadIPPluginJar : add ts
2023-09-24 16:44:36,841 [INFO] IPUIPlugin:80 - create IPUIPlugin
2023-09-24 16:44:36,841 [INFO] PluginManager:220 - loadIPPluginJar : add tsc
2023-09-24 16:44:36,874 [INFO] IPUIPlugin:80 - create IPUIPlugin
2023-09-24 16:44:36,874 [INFO] PluginManager:220 - loadIPPluginJar : add ucpd
2023-09-24 16:44:36,930 [INFO] IPUIPlugin:80 - create IPUIPlugin
2023-09-24 16:44:36,930 [INFO] PluginManager:220 - loadIPPluginJar : add usart
2023-09-24 16:44:36,988 [INFO] IPUIPlugin:80 - create IPUIPlugin
2023-09-24 16:44:36,988 [INFO] PluginManager:220 - loadIPPluginJar : add usbx
2023-09-24 16:44:37,185 [INFO] CADModel:165 - CPN selected for project level
2023-09-24 16:44:37,186 [INFO] CADModel:114 - Register for checkConnection events
2023-09-24 16:44:37,186 [FATAL] Updater:308 - Updater called before beeing initialized
2023-09-24 16:44:37,186 [ERROR] CADModel:125 - Updater not yet initialized, retry later 
2023-09-24 16:44:37,597 [INFO] CADModel:165 - CPN selected for project level
2023-09-24 16:44:37,597 [INFO] CADModel:114 - Register for checkConnection events
2023-09-24 16:44:37,598 [FATAL] Updater:308 - Updater called before beeing initialized
2023-09-24 16:44:37,598 [ERROR] CADModel:125 - Updater not yet initialized, retry later 
2023-09-24 16:44:37,602 [FATAL] Updater:308 - Updater called before beeing initialized
2023-09-24 16:44:37,793 [FATAL] Updater:308 - Updater called before beeing initialized
2023-09-24 16:44:37,804 [INFO] DbMcusAds:53 - JSON generation date=Tue Mar 07 03:50:55 COT 2023 (1678179055114)
2023-09-24 16:44:37,805 [FATAL] Updater:308 - Updater called before beeing initialized
2023-09-24 16:44:37,972 [WARN] DetailPanel:346 - Failed to get advertising image, set to default
2023-09-24 16:44:38,125 [FATAL] Updater:308 - Updater called before beeing initialized
2023-09-24 16:44:38,132 [FATAL] Updater:308 - Updater called before beeing initialized
2023-09-24 16:44:38,132 [FATAL] Updater:308 - Updater called before beeing initialized
2023-09-24 16:44:38,132 [WARN] DetailPanel:346 - Failed to get advertising image, set to default
2023-09-24 16:44:38,134 [FATAL] Updater:308 - Updater called before beeing initialized
2023-09-24 16:44:38,269 [ERROR] Updater:1120 - MainUpdater not yet initialized. External WinMGr cannot be set.
2023-09-24 16:44:38,294 [INFO] Updater:1056 - Updater Version found : 6.8.0
2023-09-24 16:44:38,347 [INFO] ApplicationProperties:184 - Using Application install path: D:\ST\STM32CubeIDE_1.12.0\STM32CubeIDE\plugins\com.st.stm32cube.common.mx_6.8.0.202302231600
2023-09-24 16:44:38,711 [INFO] MainUpdater:2854 - connection check result : 10
2023-09-24 16:44:38,711 [INFO] MainUpdater:3548 - Updater definition file requires update
2023-09-24 16:44:38,713 [INFO] MainUpdater:283 - Updater Check For Update Now.
2023-09-24 16:44:38,716 [INFO] MicroXplorer:498 - Change Database Version : DB.6.0.80
2023-09-24 16:44:38,774 [WARN] MainUpdater:1187 - Updater busy. Cannot search thirdparties
2023-09-24 16:44:38,775 [INFO] ThirdPartyUpdaterWithRetryManager:96 - Updater plugin is busy. [1/15]
2023-09-24 16:44:40,817 [INFO] ServerAccessManage:473 - Download File updaters.zip
2023-09-24 16:44:40,950 [INFO] FileExtend:240 - Unzip File : updaters.zip
2023-09-24 16:44:40,950 [INFO] FileExtend:255 - Standard Zip Deflate
2023-09-24 16:44:41,789 [WARN] MainUpdater:1187 - Updater busy. Cannot search thirdparties
2023-09-24 16:44:41,789 [INFO] ThirdPartyUpdaterWithRetryManager:96 - Updater plugin is busy. [2/15]
2023-09-24 16:44:42,602 [INFO] ServerAccessManage:473 - Download File PacksControlFlags.xml
2023-09-24 16:44:43,977 [INFO] ServerAccessManage:473 - Download File cubemx.pidx
2023-09-24 16:44:44,214 [INFO] LoadServerUpdatesThread:373 - End of LoadServerUpdate Thread
2023-09-24 16:44:44,409 [INFO] CheckServerUpdateThread:120 - End of CheckServer Thread
2023-09-24 16:44:44,434 [INFO] MainUpdater:2854 - connection check result : 10
2023-09-24 16:44:44,488 [INFO] McuFinderGlobals:66 - Set McuFinderConnectedMode to true
2023-09-24 16:44:44,799 [WARN] MainUpdater:1187 - Updater busy. Cannot search thirdparties
2023-09-24 16:44:44,800 [INFO] ThirdPartyUpdaterWithRetryManager:96 - Updater plugin is busy. [3/15]
2023-09-24 16:44:45,206 [INFO] ServerAccessManage:473 - Download File mcusAds.json._tmp_
2023-09-24 16:44:45,325 [INFO] LoadUrlFilesThread:156 - End of LoadUrlFiles Thread
2023-09-24 16:44:47,809 [WARN] MainUpdater:1187 - Updater busy. Cannot search thirdparties
2023-09-24 16:44:47,809 [INFO] ThirdPartyUpdaterWithRetryManager:96 - Updater plugin is busy. [4/15]
2023-09-24 16:44:47,907 [INFO] ServerAccessManage:473 - Download File cube-finder-db.zip
2023-09-24 16:44:50,559 [INFO] FileExtend:240 - Unzip File : cube-finder-db.zip
2023-09-24 16:44:50,559 [INFO] FileExtend:255 - Standard Zip Deflate
2023-09-24 16:44:50,825 [WARN] MainUpdater:1187 - Updater busy. Cannot search thirdparties
2023-09-24 16:44:50,825 [INFO] ThirdPartyUpdaterWithRetryManager:96 - Updater plugin is busy. [5/15]
2023-09-24 16:44:51,568 [INFO] LoadUrlFilesThread:156 - End of LoadUrlFiles Thread
2023-09-24 16:44:52,686 [INFO] ServerAccessManage:473 - Download File crdb.zip
2023-09-24 16:44:53,837 [WARN] MainUpdater:1187 - Updater busy. Cannot search thirdparties
2023-09-24 16:44:53,837 [INFO] ThirdPartyUpdaterWithRetryManager:96 - Updater plugin is busy. [6/15]
2023-09-24 16:44:54,135 [INFO] FileExtend:240 - Unzip File : crdb.zip
2023-09-24 16:44:54,136 [INFO] FileExtend:255 - Standard Zip Deflate
2023-09-24 16:44:54,291 [INFO] LoadUrlFilesThread:156 - End of LoadUrlFiles Thread
2023-09-24 16:44:56,584 [INFO] ServerAccessManage:473 - Download File tutoVideoDB.zip
2023-09-24 16:44:56,620 [INFO] FileExtend:240 - Unzip File : tutoVideoDB.zip
2023-09-24 16:44:56,620 [INFO] FileExtend:255 - Standard Zip Deflate
2023-09-24 16:44:56,752 [INFO] LoadUrlFilesThread:156 - End of LoadUrlFiles Thread
2023-09-24 16:44:56,760 [WARN] DbFile:41 - Overriding database path with different value: C:\Users\josem\.stmcufinder\plugins\mcufinder/ => C:\Users\josem\.stmcufinder\plugins\mcufinder
2023-09-24 16:44:56,840 [WARN] MainUpdater:1187 - Updater busy. Cannot search thirdparties
2023-09-24 16:44:56,840 [INFO] ThirdPartyUpdaterWithRetryManager:96 - Updater plugin is busy. [7/15]
2023-09-24 16:44:58,108 [INFO] ServerAccessManage:473 - Download File api_config.json
2023-09-24 16:44:58,219 [INFO] LoadUrlFilesThread:156 - End of LoadUrlFiles Thread
2023-09-24 16:44:58,220 [INFO] DbMcusAds:53 - JSON generation date=Tue Mar 07 03:50:55 COT 2023 (1678179055114)
2023-09-24 16:44:58,356 [INFO] LoadUrlFilesThread:185 - End of LoadServerUrlFiles without Thread
2023-09-24 16:44:58,357 [INFO] TargetSelectorAdapter:259 - Refresh data is successful
2023-09-24 16:44:58,579 [INFO] ApiDb:581 - Connected to CubeFinder SQLite database (C:\Users\josem\.stmcufinder\plugins\mcufinder\mcu\cube-finder-db.db)
2023-09-24 16:44:58,675 [INFO] ApiDb:668 - CubeFinder database Data Model version=2.1
2023-09-24 16:44:58,676 [INFO] ApiDb:669 - CubeFinder database Configuration version=3.0.37
2023-09-24 16:44:58,676 [INFO] ApiDb:670 - CubeFinder database generation date=2023-08-09 (1691586011)
2023-09-24 16:44:58,676 [INFO] ApiDb:671 - CubeFinder database FW Pack versions=[FP-ATR-ASTRA1_V2.0.0, FP-SNS-FLIGHT1_V5.0.1, FP-SNS-FLIGHT1_V5.0.2, FP-SNS-MOTENV1_V4.3.1, FP-SNS-MOTENV1_V4.3.2, STM32Cube_FW_C0_V1.1.0, STM32Cube_FW_F4_V1.27.1, STM32Cube_FW_F7_V1.17.0, STM32Cube_FW_G0_V1.6.1, STM32Cube_FW_G4_V1.5.1, STM32Cube_FW_H5_V0.5.1, STM32Cube_FW_H5_V1.1.0, STM32Cube_FW_H7_V1.11.0, STM32Cube_FW_L0_V1.12.2, STM32Cube_FW_L5_V1.5.0, STM32Cube_FW_U5_V1.3.0, STM32Cube_FW_U5_V1.3.0RC4, STM32Cube_FW_WBA_V1.0.0RC1, STM32Cube_FW_WBA_V1.1.0, STM32Cube_FW_WBA_V1.1.0RC1, STM32Cube_FW_WB_V1.15.0RC1, STM32Cube_FW_WB_V1.16.0, STM32Cube_FW_WB_V1.16.0RC2, STM32Cube_FW_WB_V1.17.0, STM32Cube_FW_WL_V1.3.0, X-CUBE-ALGOBUILD_V1.3.0, X-CUBE-ALS_V1.0.1, X-CUBE-AZRTOS-F4_V1.1.0, X-CUBE-AZRTOS-F7_V1.1.0, X-CUBE-AZRTOS-G0_V1.1.0, X-CUBE-AZRTOS-G4_V2.0.0, X-CUBE-AZRTOS-H7_V3.1.0, X-CUBE-AZRTOS-L4_V1.0.0, X-CUBE-AZRTOS-L4_V2.0.0, X-CUBE-AZRTOS-L5_V1.1.0, X-CUBE-AZRTOS-WB_V1.1.0, X-CUBE-AZRTOS-WL_V2.0.0, X-CUBE-BLE1_V7.0.0, X-CUBE-BLE2_V3.3.0, X-CUBE-BLEMGR_V2.0.0, X-CUBE-EEPRMA1_V4.1.0, X-CUBE-FREERTOS_V1.1.0, X-CUBE-GNSS1_V6.0.0, X-CUBE-MEMS1_V9.1.0, X-CUBE-MEMS1_V9.4.0, X-CUBE-MEMS1_V9.6.0, X-CUBE-NFC4_V3.0.0, X-CUBE-NFC7_V1.0.0, X-CUBE-SFXS2LP1_V4.0.0, X-CUBE-SUBG2_V5.0.0, X-CUBE-TOF1_V3.3.1]
2023-09-24 16:45:00,154 [WARN] PackLoader:240 - Cannot read IP mode file for STMicroelectronics.X-CUBE-SMBUS.2.1.0
2023-09-24 16:45:00,216 [WARN] PackLoader:240 - Cannot read IP mode file for STMicroelectronics.X-CUBE-AZRTOS-F7.1.1.0
2023-09-24 16:45:00,241 [ERROR] RealEvaluatedCondition:428 - Found unsupported composite condition: CLASS='Data Exchange' GROUP='STM32_MetaDataManager'
2023-09-24 16:45:00,242 [ERROR] RealEvaluatedCondition:428 - Found unsupported composite condition: CLASS='Data Exchange' GROUP='STM32_MetaDataManager'
2023-09-24 16:45:00,244 [WARN] PackLoader:240 - Cannot read IP mode file for STMicroelectronics.FP-SNS-MOTENV1.4.3.0
2023-09-24 16:45:00,270 [WARN] PackLoader:240 - Cannot read IP mode file for STMicroelectronics.FP-SNS-MOTENV1.4.3.2
2023-09-24 16:45:00,292 [WARN] PackLoader:240 - Cannot read IP mode file for STMicroelectronics.FP-SNS-FLIGHT1.5.0.0
2023-09-24 16:45:00,310 [ERROR] RealEvaluatedCondition:428 - Found unsupported composite condition: GROUP='STM32_MetaDataManager' CLASS='Data Exchange'
2023-09-24 16:45:00,311 [ERROR] RealEvaluatedCondition:428 - Found unsupported composite condition: CLASS='Data Exchange' GROUP='STM32_MetaDataManager'
2023-09-24 16:45:00,314 [WARN] PackLoader:240 - Cannot read IP mode file for STMicroelectronics.FP-SNS-MOTENV1.4.3.1
2023-09-24 16:45:00,335 [WARN] PackLoader:240 - Cannot read IP mode file for STMicroelectronics.FP-SNS-FLIGHT1.5.0.1
2023-09-24 16:45:00,358 [WARN] PackLoader:240 - Cannot read IP mode file for STMicroelectronics.X-CUBE-BLE1.6.2.4
2023-09-24 16:45:00,374 [WARN] PackLoader:240 - Cannot read IP mode file for STMicroelectronics.FP-SNS-FLIGHT1.5.0.2
2023-09-24 16:45:00,396 [WARN] PackLoader:240 - Cannot read IP mode file for STMicroelectronics.X-CUBE-DISPLAY.3.0.0
2023-09-24 16:45:00,420 [WARN] PackLoader:240 - Cannot read IP mode file for STMicroelectronics.X-CUBE-BLE1.7.0.0
2023-09-24 16:45:00,440 [WARN] PackLoader:240 - Cannot read IP mode file for STMicroelectronics.X-CUBE-TOUCHGFX.4.22.0
2023-09-24 16:45:00,459 [WARN] PackLoader:240 - Cannot read IP mode file for STMicroelectronics.FP-SNS-SMARTAG2.1.2.0
2023-09-24 16:45:00,488 [INFO] LogOutputStream:77 - [STDOUT_REDIRECT] 1 : Invalid condition id : UX_CORESTACK_Condition cause : null
2023-09-24 16:45:00,489 [INFO] LogOutputStream:77 - [STDOUT_REDIRECT] 1 : Invalid condition id : UX_CORESTACK_Condition cause : null
2023-09-24 16:45:00,490 [INFO] LogOutputStream:77 - [STDOUT_REDIRECT] 1 : Invalid condition id : UX_CORESTACK_Condition cause : null
2023-09-24 16:45:00,492 [INFO] LogOutputStream:77 - [STDOUT_REDIRECT] 1 : Invalid condition id : UX_CORESTACK_Condition cause : null
2023-09-24 16:45:00,493 [INFO] LogOutputStream:77 - [STDOUT_REDIRECT] 1 : Invalid condition id : UX_CORESTACK_Condition cause : null
2023-09-24 16:45:00,498 [WARN] PackLoader:240 - Cannot read IP mode file for STMicroelectronics.X-CUBE-AZRTOS-WL.2.0.0
2023-09-24 16:45:00,521 [WARN] PackLoader:240 - Cannot read IP mode file for WES.I-CUBE-Cesium.1.3.0
2023-09-24 16:45:00,537 [WARN] PackLoader:240 - Cannot read IP mode file for STMicroelectronics.X-CUBE-BLE2.3.3.0
2023-09-24 16:45:00,554 [WARN] PackLoader:240 - Cannot read IP mode file for STMicroelectronics.X-CUBE-TOUCHGFX.4.21.3
2023-09-24 16:45:00,567 [WARN] PackLoader:240 - Cannot read IP mode file for STMicroelectronics.X-CUBE-TOUCHGFX.4.21.4
2023-09-24 16:45:00,584 [WARN] PackLoader:240 - Cannot read IP mode file for STMicroelectronics.X-CUBE-ALGOBUILD.1.3.0
2023-09-24 16:45:00,633 [WARN] PackLoader:240 - Cannot read IP mode file for STMicroelectronics.X-CUBE-AZRTOS-G0.1.1.0
2023-09-24 16:45:00,658 [WARN] PackLoader:240 - Cannot read IP mode file for STMicroelectronics.X-CUBE-NFC4.3.0.0
2023-09-24 16:45:00,675 [WARN] PackLoader:240 - Cannot read IP mode file for STMicroelectronics.FP-ATR-SIGFOX1.3.2.0
2023-09-24 16:45:00,782 [WARN] PackLoader:240 - Cannot read IP mode file for STMicroelectronics.X-CUBE-MEMS1.9.5.0
2023-09-24 16:45:01,049 [WARN] PackLoader:240 - Cannot read IP mode file for SEGGER.I-CUBE-embOS.1.3.1
2023-09-24 16:45:01,159 [WARN] PackLoader:240 - Cannot read IP mode file for STMicroelectronics.X-CUBE-GNSS1.6.0.0
2023-09-24 16:45:01,210 [WARN] PackLoader:240 - Cannot read IP mode file for STMicroelectronics.X-CUBE-AZRTOS-F4.1.1.0
2023-09-24 16:45:01,271 [WARN] PackLoader:240 - Cannot read IP mode file for STMicroelectronics.X-CUBE-AZRTOS-L5.2.0.0
2023-09-24 16:45:01,375 [WARN] PackLoader:240 - Cannot read IP mode file for STMicroelectronics.X-CUBE-MEMS1.9.6.0
2023-09-24 16:45:01,644 [WARN] PackLoader:240 - Cannot read IP mode file for emotas.I-CUBE-CANOPEN.1.1.3
2023-09-24 16:45:01,673 [WARN] PackLoader:240 - Cannot read IP mode file for STMicroelectronics.X-CUBE-BLEMGR.2.0.0
2023-09-24 16:45:01,727 [WARN] ConditionMgr:438 - getConditionDescription Invalid condition id : UX DEVICE CLASS RTOS Condition cause : null
2023-09-24 16:45:01,727 [WARN] ConditionMgr:438 - getConditionDescription Invalid condition id : UX DEVICE CLASS RTOS Condition cause : null
2023-09-24 16:45:01,735 [WARN] PackLoader:240 - Cannot read IP mode file for STMicroelectronics.X-CUBE-AZRTOS-H7.3.1.0
2023-09-24 16:45:01,736 [WARN] ConditionMgr:1039 - genDependencies : Invalid condition id : UX DEVICE CLASS RTOS Condition cause : null
2023-09-24 16:45:01,737 [WARN] ConditionMgr:1039 - genDependencies : Invalid condition id : UX DEVICE CLASS RTOS Condition cause : null
2023-09-24 16:45:01,738 [WARN] ConditionMgr:1039 - genDependencies : Invalid condition id : UX DEVICE CLASS RTOS Condition cause : null
2023-09-24 16:45:01,738 [WARN] ConditionMgr:1039 - genDependencies : Invalid condition id : UX DEVICE CLASS RTOS Condition cause : null
2023-09-24 16:45:01,738 [WARN] ConditionMgr:1039 - genDependencies : Invalid condition id : UX DEVICE CLASS RTOS Condition cause : null
2023-09-24 16:45:01,766 [WARN] PackLoader:240 - Cannot read IP mode file for wolfSSL.I-CUBE-wolfSSL.5.5.4
2023-09-24 16:45:01,793 [WARN] PackLoader:240 - Cannot read IP mode file for STMicroelectronics.X-CUBE-NFC7.1.0.1
2023-09-24 16:45:01,846 [WARN] PackLoader:240 - Cannot read IP mode file for STMicroelectronics.X-CUBE-NFC7.1.0.0
2023-09-24 16:45:01,873 [WARN] PackLoader:240 - Cannot read IP mode file for STMicroelectronics.X-CUBE-NFC6.3.0.0
2023-09-24 16:45:01,907 [WARN] PackLoader:240 - Cannot read IP mode file for STMicroelectronics.X-CUBE-EEPRMA1.4.1.0
2023-09-24 16:45:01,935 [INFO] ApiDb:240 - Found 297 in-development CPN: [B-G473E-ZEST1S, B-WB1M-WPAN1, B-WL5M-SUBG1, NUCLEO-C031C6, NUCLEO-H503RB, NUCLEO-H563ZI, NUCLEO-U545RE-Q, NUCLEO-U5A5ZJ-Q, NUCLEO-WBA52CG, STEVAL-PROTEUS1, STEVAL-STWINBX1, STM320518-EVAL, STM32C0116-DK, STM32C011D6Y3TR, STM32C011D6Y6TR, STM32C011F4P3, STM32C011F4P6, STM32C011F4U3, STM32C011F4U6TR, STM32C011F6P3, STM32C011F6P6, STM32C011F6U3, STM32C011F6U6TR, STM32C011J4M3, STM32C011J4M6, STM32C011J6M3, STM32C011J6M6, STM32C0316-DK, STM32C031C4T3, STM32C031C4T6, STM32C031C4U3, STM32C031C4U6, STM32C031C6T3, STM32C031C6T6, STM32C031C6U3, STM32C031C6U6, STM32C031F4P3, STM32C031F4P6, STM32C031F6P3, STM32C031F6P6, STM32C031G4U3, STM32C031G4U6, STM32C031G6U3, STM32C031G6U6, STM32C031K4T3, STM32C031K4T6, STM32C031K4U3, STM32C031K4U6, STM32C031K6T3, STM32C031K6T6, STM32C031K6U3, STM32C031K6U6, STM32G071K8TXN, STM32G071K8UXN, STM32G081GBU6N, STM32G081KBT6N, STM32G081KBUXN, STM32G0B1CCT6N, STM32G0B1KCT6, STM32G0B1NEY6TR, STM32G0B1RCT6N, STM32G0C1CCT6, STM32G0C1CCT6N, STM32G0C1CCU6N, STM32G0C1CET6N, STM32G0C1CEU6N, STM32G0C1KCT6, STM32G0C1NEY6TR, STM32G0C1RCI6N, STM32G0C1RCT6N, STM32G0C1REI6N, STM32G0C1RET6N, STM32G0C1VCI6, STM32G0C1VEI6, STM32G471CCT6, STM32G471CCU6, STM32G471CET3, STM32G471CET6, STM32G471CEU3, STM32G471CEU6, STM32G471MCT6, STM32G471MET3, STM32G471MET6, STM32G471MEY6TR, STM32G471QCT6, STM32G471QET3, STM32G471RCT6, STM32G471RET3, STM32G471RET6, STM32G471VCH6, STM32G471VCI6, STM32G471VCT6, STM32G471VEH3, STM32G471VEH6, STM32G471VEI3, STM32G471VEI6, STM32G471VET3, STM32G471VET6, STM32G474CCT6, STM32H503CBT6, STM32H503CBU6, STM32H503EBY6TR, STM32H503KBU6, STM32H503RBT6, STM32H562AGI6, STM32H562AII6, STM32H562IGK6, STM32H562IGT6, STM32H562IIK6, STM32H562IIT6, STM32H562RGT6, STM32H562RGV6, STM32H562RIT6, STM32H562RIV6, STM32H562VGT6, STM32H562VIT6, STM32H562ZGT6, STM32H562ZIT6, STM32H563AGI6, STM32H563AII3Q, STM32H563AII6, STM32H563IGK6, STM32H563IGT6, STM32H563IIK3Q, STM32H563IIK6, STM32H563IIT3Q, STM32H563IIT6, STM32H563MIY3QTR, STM32H563RGT6, STM32H563RGV6, STM32H563RIT6, STM32H563RIV6, STM32H563VGT6, STM32H563VIT3Q, STM32H563VIT6, STM32H563ZGT6, STM32H563ZIT3Q, STM32H563ZIT6, STM32H573AII3Q, STM32H573AII6, STM32H573I-DK, STM32H573IIK3Q, STM32H573IIK6, STM32H573IIT3Q, STM32H573IIT6, STM32H573MIY3QTR, STM32H573RIT6, STM32H573RIV6, STM32H573VIT3Q, STM32H573VIT6, STM32H573ZIT3Q, STM32H573ZIT6, STM32L4R5QGI6STR, STM32MP131AAE3, STM32MP131AAF3, STM32MP131AAG3, STM32MP131CAE3, STM32MP131CAF3, STM32MP131CAG3, STM32MP131DAE7, STM32MP131DAF7, STM32MP131DAG7, STM32MP131FAE7, STM32MP131FAF7, STM32MP131FAG7, STM32MP133AAE3, STM32MP133AAF3, STM32MP133AAG3, STM32MP133CAE3, STM32MP133CAF3, STM32MP133CAG3, STM32MP133DAE7, STM32MP133DAF7, STM32MP133DAG7, STM32MP133FAE7, STM32MP133FAF7, STM32MP133FAG7, STM32MP135AAE3, STM32MP135AAF3, STM32MP135AAG3, STM32MP135CAE3, STM32MP135CAF3, STM32MP135CAG3, STM32MP135DAE7, STM32MP135DAF7, STM32MP135DAG7, STM32MP135F-DK, STM32MP135FAE7, STM32MP135FAF7, STM32MP135FAF7T, STM32MP135FAF7U, STM32MP135FAG7, STM32U535CBT6, STM32U535CBT6Q, STM32U535CBU6, STM32U535CBU6Q, STM32U535CCT6, STM32U535CCT6Q, STM32U535CCU6, STM32U535CCU6Q, STM32U535CET6, STM32U535CET6Q, STM32U535CEU6, STM32U535CEU6Q, STM32U535JEY6QTR, STM32U535NCY6QTR, STM32U535NEY6QTR, STM32U535RBI6, STM32U535RBI6Q, STM32U535RBT6, STM32U535RBT6Q, STM32U535RCI6, STM32U535RCI6Q, STM32U535RCT6, STM32U535RCT6Q, STM32U535REI6, STM32U535REI6Q, STM32U535RET6, STM32U535RET6Q, STM32U535VCI6, STM32U535VCI6Q, STM32U535VCT6, STM32U535VCT6Q, STM32U535VEI6, STM32U535VEI6Q, STM32U535VET6, STM32U535VET6Q, STM32U545CET6, STM32U545CET6Q, STM32U545CEU6, STM32U545CEU6Q, STM32U545JEY6QTR, STM32U545NEY6QTR, STM32U545REI6, STM32U545REI6Q, STM32U545RET6, STM32U545RET6Q, STM32U545VEI6, STM32U545VEI6Q, STM32U545VET6, STM32U545VET6Q, STM32U595AIH6, STM32U595AIH6Q, STM32U595AJH6, STM32U595AJH6Q, STM32U595QII6, STM32U595QII6Q, STM32U595QJI6, STM32U595QJI6Q, STM32U595RIT6, STM32U595RIT6Q, STM32U595RJT6, STM32U595RJT6Q, STM32U595VIT6, STM32U595VIT6Q, STM32U595VJT6, STM32U595VJT6Q, STM32U595ZIT6, STM32U595ZIT6Q, STM32U595ZIY6QTR, STM32U595ZJT6, STM32U595ZJT6Q, STM32U595ZJY6QTR, STM32U599BJY6QTR, STM32U599NIH6Q, STM32U599NJH6Q, STM32U599VIT6Q, STM32U599VJT6, STM32U599VJT6Q, STM32U599ZIT6Q, STM32U599ZIY6QTR, STM32U599ZJT6Q, STM32U599ZJY6QTR, STM32U5A5AJH6, STM32U5A5AJH6Q, STM32U5A5QJI6, STM32U5A5QJI6Q, STM32U5A5RJT6, STM32U5A5RJT6Q, STM32U5A5VJT6, STM32U5A5VJT6Q, STM32U5A5ZJT6, STM32U5A5ZJT6Q, STM32U5A5ZJY6QTR, STM32U5A9BJY6QTR, STM32U5A9J-DK, STM32U5A9NJH6Q, STM32U5A9VJT6Q, STM32U5A9ZJT6Q, STM32U5A9ZJY6QTR, STM32WB1MMCH6, STM32WBA52CEU6, STM32WBA52CEU6T, STM32WBA52CGU6, STM32WBA52CGU6T, STM32WL5MOCH6, STM32WL5MOCH6TR]
2023-09-24 16:45:01,944 [WARN] PackLoader:240 - Cannot read IP mode file for STMicroelectronics.X-CUBE-AI.8.1.0
2023-09-24 16:45:01,947 [INFO] DbMcus:216 - Found 3825 MCUs, 3825 are supported
2023-09-24 16:45:01,956 [INFO] ApiDb:423 - Load user favorites file C:\Users\josem/.stm32cubeide/favorites.mcus.txt: 0 item(s)
2023-09-24 16:45:01,956 [INFO] ApiDb:427 - User favorites MCUs=[]
2023-09-24 16:45:01,957 [INFO] DbMcus:222 - Set 0 / 0 favorites MCUs
2023-09-24 16:45:02,039 [WARN] ConditionMgr:438 - getConditionDescription Invalid condition id : LAN8742 Phy interface Condition cause : null
2023-09-24 16:45:02,041 [WARN] PackLoader:240 - Cannot read IP mode file for STMicroelectronics.X-CUBE-AZRTOS-L4.2.0.0
2023-09-24 16:45:02,043 [WARN] ConditionMgr:1039 - genDependencies : Invalid condition id : LAN8742 Phy interface Condition cause : null
2023-09-24 16:45:02,043 [WARN] ConditionMgr:1039 - genDependencies : Invalid condition id : LAN8742 Phy interface Condition cause : null
2023-09-24 16:45:02,055 [WARN] ConditionMgr:1039 - genDependencies : Invalid condition id : LAN8742 Phy interface Condition cause : null
2023-09-24 16:45:02,090 [WARN] PackLoader:240 - Cannot read IP mode file for STMicroelectronics.X-CUBE-SFXS2LP1.4.0.0
2023-09-24 16:45:02,160 [WARN] PackLoader:240 - Cannot read IP mode file for STMicroelectronics.X-CUBE-AZRTOS-H7.3.0.0
2023-09-24 16:45:02,189 [WARN] PackLoader:240 - Cannot read IP mode file for STMicroelectronics.X-CUBE-ISPU.1.1.0
2023-09-24 16:45:02,222 [WARN] PackLoader:240 - Cannot read IP mode file for RoweBots.I-CUBE-UNISONRTOS.5.5.0-4
2023-09-24 16:45:02,249 [WARN] PackLoader:240 - Cannot read IP mode file for STMicroelectronics.X-CUBE-AI.8.0.0
2023-09-24 16:45:02,294 [WARN] ConditionMgr:438 - getConditionDescription Invalid condition id : UX DEVICE CLASS RTOS Condition cause : null
2023-09-24 16:45:02,294 [WARN] ConditionMgr:438 - getConditionDescription Invalid condition id : UX DEVICE CLASS RTOS Condition cause : null
2023-09-24 16:45:02,300 [WARN] PackLoader:240 - Cannot read IP mode file for STMicroelectronics.X-CUBE-AZRTOS-WB.2.0.0
2023-09-24 16:45:02,302 [WARN] ConditionMgr:1039 - genDependencies : Invalid condition id : UX DEVICE CLASS RTOS Condition cause : null
2023-09-24 16:45:02,302 [WARN] ConditionMgr:1039 - genDependencies : Invalid condition id : UX DEVICE CLASS RTOS Condition cause : null
2023-09-24 16:45:02,303 [WARN] ConditionMgr:1039 - genDependencies : Invalid condition id : UX DEVICE CLASS RTOS Condition cause : null
2023-09-24 16:45:02,303 [WARN] ConditionMgr:1039 - genDependencies : Invalid condition id : UX DEVICE CLASS RTOS Condition cause : null
2023-09-24 16:45:02,304 [WARN] ConditionMgr:1039 - genDependencies : Invalid condition id : UX DEVICE CLASS RTOS Condition cause : null
2023-09-24 16:45:02,328 [WARN] PackLoader:240 - Cannot read IP mode file for STMicroelectronics.X-CUBE-FREERTOS.1.0.0
2023-09-24 16:45:02,349 [WARN] PackLoader:240 - Cannot read IP mode file for STMicroelectronics.X-CUBE-FREERTOS.1.0.1
2023-09-24 16:45:02,390 [WARN] PackLoader:240 - Cannot read IP mode file for STMicroelectronics.X-CUBE-AZRTOS-L5.1.1.0
2023-09-24 16:45:02,409 [WARN] PackLoader:240 - Cannot read IP mode file for STMicroelectronics.X-CUBE-AI.8.0.1
2023-09-24 16:45:02,440 [WARN] PackLoader:240 - Cannot read IP mode file for STMicroelectronics.X-CUBE-SUBG2.5.0.0
2023-09-24 16:45:02,491 [WARN] PackLoader:240 - Cannot read IP mode file for STMicroelectronics.X-CUBE-TOF1.3.3.1
2023-09-24 16:45:02,543 [WARN] PackLoader:240 - Cannot read IP mode file for STMicroelectronics.X-CUBE-AZRTOS-G4.2.0.0
2023-09-24 16:45:02,574 [WARN] PackLoader:240 - Cannot read IP mode file for STMicroelectronics.X-CUBE-TOF1.3.3.0
2023-09-24 16:45:02,607 [WARN] PackLoader:240 - Cannot read IP mode file for STMicroelectronics.FP-ATR-ASTRA1.1.1.1
2023-09-24 16:45:02,640 [WARN] PackLoader:240 - Cannot read IP mode file for STMicroelectronics.X-CUBE-AZRTOS-G4.1.0.0
2023-09-24 16:45:02,682 [WARN] PackLoader:240 - Cannot read IP mode file for STMicroelectronics.X-CUBE-AZRTOS-L4.1.0.0
2023-09-24 16:45:02,706 [WARN] PackLoader:240 - Cannot read IP mode file for STMicroelectronics.X-CUBE-FREERTOS.1.1.0
2023-09-24 16:45:02,740 [WARN] PackLoader:240 - Cannot read IP mode file for STMicroelectronics.X-CUBE-AZRTOS-WL.1.0.0
2023-09-24 16:45:02,768 [WARN] PackLoader:240 - Cannot read IP mode file for portGmbH.I-Cube-SoM-uGOAL.1.1.0
2023-09-24 16:45:02,789 [WARN] PackLoader:240 - Cannot read IP mode file for STMicroelectronics.X-CUBE-ALS.1.0.1
2023-09-24 16:45:02,825 [WARN] PackLoader:240 - Cannot read IP mode file for STMicroelectronics.X-CUBE-AZRTOS-WB.1.1.0
2023-09-24 16:45:02,848 [WARN] PackLoader:240 - Cannot read IP mode file for STMicroelectronics.FP-ATR-ASTRA1.2.0.0
2023-09-24 16:45:02,850 [INFO] ThirdParty:978 - Integrity check success = true
2023-09-24 16:45:02,850 [INFO] IntegrityCheckThread:100 - exiting critical section [integrity check]
2023-09-24 16:45:02,850 [INFO] IntegrityCheckThread:103 - End integrity checks thread
2023-09-24 16:45:02,989 [INFO] ApiDb:668 - CubeFinder database Data Model version=2.1
2023-09-24 16:45:02,989 [INFO] ApiDb:669 - CubeFinder database Configuration version=3.0.37
2023-09-24 16:45:02,989 [INFO] ApiDb:670 - CubeFinder database generation date=2023-08-09 (1691586011)
2023-09-24 16:45:02,989 [INFO] ApiDb:671 - CubeFinder database FW Pack versions=[FP-ATR-ASTRA1_V2.0.0, FP-SNS-FLIGHT1_V5.0.1, FP-SNS-FLIGHT1_V5.0.2, FP-SNS-MOTENV1_V4.3.1, FP-SNS-MOTENV1_V4.3.2, STM32Cube_FW_C0_V1.1.0, STM32Cube_FW_F4_V1.27.1, STM32Cube_FW_F7_V1.17.0, STM32Cube_FW_G0_V1.6.1, STM32Cube_FW_G4_V1.5.1, STM32Cube_FW_H5_V0.5.1, STM32Cube_FW_H5_V1.1.0, STM32Cube_FW_H7_V1.11.0, STM32Cube_FW_L0_V1.12.2, STM32Cube_FW_L5_V1.5.0, STM32Cube_FW_U5_V1.3.0, STM32Cube_FW_U5_V1.3.0RC4, STM32Cube_FW_WBA_V1.0.0RC1, STM32Cube_FW_WBA_V1.1.0, STM32Cube_FW_WBA_V1.1.0RC1, STM32Cube_FW_WB_V1.15.0RC1, STM32Cube_FW_WB_V1.16.0, STM32Cube_FW_WB_V1.16.0RC2, STM32Cube_FW_WB_V1.17.0, STM32Cube_FW_WL_V1.3.0, X-CUBE-ALGOBUILD_V1.3.0, X-CUBE-ALS_V1.0.1, X-CUBE-AZRTOS-F4_V1.1.0, X-CUBE-AZRTOS-F7_V1.1.0, X-CUBE-AZRTOS-G0_V1.1.0, X-CUBE-AZRTOS-G4_V2.0.0, X-CUBE-AZRTOS-H7_V3.1.0, X-CUBE-AZRTOS-L4_V1.0.0, X-CUBE-AZRTOS-L4_V2.0.0, X-CUBE-AZRTOS-L5_V1.1.0, X-CUBE-AZRTOS-WB_V1.1.0, X-CUBE-AZRTOS-WL_V2.0.0, X-CUBE-BLE1_V7.0.0, X-CUBE-BLE2_V3.3.0, X-CUBE-BLEMGR_V2.0.0, X-CUBE-EEPRMA1_V4.1.0, X-CUBE-FREERTOS_V1.1.0, X-CUBE-GNSS1_V6.0.0, X-CUBE-MEMS1_V9.1.0, X-CUBE-MEMS1_V9.4.0, X-CUBE-MEMS1_V9.6.0, X-CUBE-NFC4_V3.0.0, X-CUBE-NFC7_V1.0.0, X-CUBE-SFXS2LP1_V4.0.0, X-CUBE-SUBG2_V5.0.0, X-CUBE-TOF1_V3.3.1]
2023-09-24 16:45:03,109 [INFO] DbBoardsSqlite:226 - include board P-NUCLEO-WB55-NUCLEO as a kit item of type 'Nucleo-64'
2023-09-24 16:45:03,109 [INFO] DbBoardsSqlite:226 - include board P-NUCLEO-WB55-USBDONGLE as a kit item of type 'Nucleo USB Dongle'
2023-09-24 16:45:03,110 [INFO] DbBoardsSqlite:226 - include board STEVAL-IDP005V1 as a kit item of type 'Evaluation Board'
2023-09-24 16:45:03,110 [INFO] DbBoardsSqlite:226 - include board STEVAL-IDP005V2 as a kit item of type 'Evaluation Board'
2023-09-24 16:45:03,208 [INFO] ApiDb:240 - Found 297 in-development CPN: [B-G473E-ZEST1S, B-WB1M-WPAN1, B-WL5M-SUBG1, NUCLEO-C031C6, NUCLEO-H503RB, NUCLEO-H563ZI, NUCLEO-U545RE-Q, NUCLEO-U5A5ZJ-Q, NUCLEO-WBA52CG, STEVAL-PROTEUS1, STEVAL-STWINBX1, STM320518-EVAL, STM32C0116-DK, STM32C011D6Y3TR, STM32C011D6Y6TR, STM32C011F4P3, STM32C011F4P6, STM32C011F4U3, STM32C011F4U6TR, STM32C011F6P3, STM32C011F6P6, STM32C011F6U3, STM32C011F6U6TR, STM32C011J4M3, STM32C011J4M6, STM32C011J6M3, STM32C011J6M6, STM32C0316-DK, STM32C031C4T3, STM32C031C4T6, STM32C031C4U3, STM32C031C4U6, STM32C031C6T3, STM32C031C6T6, STM32C031C6U3, STM32C031C6U6, STM32C031F4P3, STM32C031F4P6, STM32C031F6P3, STM32C031F6P6, STM32C031G4U3, STM32C031G4U6, STM32C031G6U3, STM32C031G6U6, STM32C031K4T3, STM32C031K4T6, STM32C031K4U3, STM32C031K4U6, STM32C031K6T3, STM32C031K6T6, STM32C031K6U3, STM32C031K6U6, STM32G071K8TXN, STM32G071K8UXN, STM32G081GBU6N, STM32G081KBT6N, STM32G081KBUXN, STM32G0B1CCT6N, STM32G0B1KCT6, STM32G0B1NEY6TR, STM32G0B1RCT6N, STM32G0C1CCT6, STM32G0C1CCT6N, STM32G0C1CCU6N, STM32G0C1CET6N, STM32G0C1CEU6N, STM32G0C1KCT6, STM32G0C1NEY6TR, STM32G0C1RCI6N, STM32G0C1RCT6N, STM32G0C1REI6N, STM32G0C1RET6N, STM32G0C1VCI6, STM32G0C1VEI6, STM32G471CCT6, STM32G471CCU6, STM32G471CET3, STM32G471CET6, STM32G471CEU3, STM32G471CEU6, STM32G471MCT6, STM32G471MET3, STM32G471MET6, STM32G471MEY6TR, STM32G471QCT6, STM32G471QET3, STM32G471RCT6, STM32G471RET3, STM32G471RET6, STM32G471VCH6, STM32G471VCI6, STM32G471VCT6, STM32G471VEH3, STM32G471VEH6, STM32G471VEI3, STM32G471VEI6, STM32G471VET3, STM32G471VET6, STM32G474CCT6, STM32H503CBT6, STM32H503CBU6, STM32H503EBY6TR, STM32H503KBU6, STM32H503RBT6, STM32H562AGI6, STM32H562AII6, STM32H562IGK6, STM32H562IGT6, STM32H562IIK6, STM32H562IIT6, STM32H562RGT6, STM32H562RGV6, STM32H562RIT6, STM32H562RIV6, STM32H562VGT6, STM32H562VIT6, STM32H562ZGT6, STM32H562ZIT6, STM32H563AGI6, STM32H563AII3Q, STM32H563AII6, STM32H563IGK6, STM32H563IGT6, STM32H563IIK3Q, STM32H563IIK6, STM32H563IIT3Q, STM32H563IIT6, STM32H563MIY3QTR, STM32H563RGT6, STM32H563RGV6, STM32H563RIT6, STM32H563RIV6, STM32H563VGT6, STM32H563VIT3Q, STM32H563VIT6, STM32H563ZGT6, STM32H563ZIT3Q, STM32H563ZIT6, STM32H573AII3Q, STM32H573AII6, STM32H573I-DK, STM32H573IIK3Q, STM32H573IIK6, STM32H573IIT3Q, STM32H573IIT6, STM32H573MIY3QTR, STM32H573RIT6, STM32H573RIV6, STM32H573VIT3Q, STM32H573VIT6, STM32H573ZIT3Q, STM32H573ZIT6, STM32L4R5QGI6STR, STM32MP131AAE3, STM32MP131AAF3, STM32MP131AAG3, STM32MP131CAE3, STM32MP131CAF3, STM32MP131CAG3, STM32MP131DAE7, STM32MP131DAF7, STM32MP131DAG7, STM32MP131FAE7, STM32MP131FAF7, STM32MP131FAG7, STM32MP133AAE3, STM32MP133AAF3, STM32MP133AAG3, STM32MP133CAE3, STM32MP133CAF3, STM32MP133CAG3, STM32MP133DAE7, STM32MP133DAF7, STM32MP133DAG7, STM32MP133FAE7, STM32MP133FAF7, STM32MP133FAG7, STM32MP135AAE3, STM32MP135AAF3, STM32MP135AAG3, STM32MP135CAE3, STM32MP135CAF3, STM32MP135CAG3, STM32MP135DAE7, STM32MP135DAF7, STM32MP135DAG7, STM32MP135F-DK, STM32MP135FAE7, STM32MP135FAF7, STM32MP135FAF7T, STM32MP135FAF7U, STM32MP135FAG7, STM32U535CBT6, STM32U535CBT6Q, STM32U535CBU6, STM32U535CBU6Q, STM32U535CCT6, STM32U535CCT6Q, STM32U535CCU6, STM32U535CCU6Q, STM32U535CET6, STM32U535CET6Q, STM32U535CEU6, STM32U535CEU6Q, STM32U535JEY6QTR, STM32U535NCY6QTR, STM32U535NEY6QTR, STM32U535RBI6, STM32U535RBI6Q, STM32U535RBT6, STM32U535RBT6Q, STM32U535RCI6, STM32U535RCI6Q, STM32U535RCT6, STM32U535RCT6Q, STM32U535REI6, STM32U535REI6Q, STM32U535RET6, STM32U535RET6Q, STM32U535VCI6, STM32U535VCI6Q, STM32U535VCT6, STM32U535VCT6Q, STM32U535VEI6, STM32U535VEI6Q, STM32U535VET6, STM32U535VET6Q, STM32U545CET6, STM32U545CET6Q, STM32U545CEU6, STM32U545CEU6Q, STM32U545JEY6QTR, STM32U545NEY6QTR, STM32U545REI6, STM32U545REI6Q, STM32U545RET6, STM32U545RET6Q, STM32U545VEI6, STM32U545VEI6Q, STM32U545VET6, STM32U545VET6Q, STM32U595AIH6, STM32U595AIH6Q, STM32U595AJH6, STM32U595AJH6Q, STM32U595QII6, STM32U595QII6Q, STM32U595QJI6, STM32U595QJI6Q, STM32U595RIT6, STM32U595RIT6Q, STM32U595RJT6, STM32U595RJT6Q, STM32U595VIT6, STM32U595VIT6Q, STM32U595VJT6, STM32U595VJT6Q, STM32U595ZIT6, STM32U595ZIT6Q, STM32U595ZIY6QTR, STM32U595ZJT6, STM32U595ZJT6Q, STM32U595ZJY6QTR, STM32U599BJY6QTR, STM32U599NIH6Q, STM32U599NJH6Q, STM32U599VIT6Q, STM32U599VJT6, STM32U599VJT6Q, STM32U599ZIT6Q, STM32U599ZIY6QTR, STM32U599ZJT6Q, STM32U599ZJY6QTR, STM32U5A5AJH6, STM32U5A5AJH6Q, STM32U5A5QJI6, STM32U5A5QJI6Q, STM32U5A5RJT6, STM32U5A5RJT6Q, STM32U5A5VJT6, STM32U5A5VJT6Q, STM32U5A5ZJT6, STM32U5A5ZJT6Q, STM32U5A5ZJY6QTR, STM32U5A9BJY6QTR, STM32U5A9J-DK, STM32U5A9NJH6Q, STM32U5A9VJT6Q, STM32U5A9ZJT6Q, STM32U5A9ZJY6QTR, STM32WB1MMCH6, STM32WBA52CEU6, STM32WBA52CEU6T, STM32WBA52CGU6, STM32WBA52CGU6T, STM32WL5MOCH6, STM32WL5MOCH6TR]
2023-09-24 16:45:03,441 [INFO] BoardInfo:880 - No configuration file found for board P-NUCLEO-WB55
2023-09-24 16:45:03,441 [INFO] DbBoards:157 - Kit is not supported: P-NUCLEO-WB55
2023-09-24 16:45:03,449 [INFO] BoardInfo:880 - No configuration file found for board STEVAL-BFA001V1B
2023-09-24 16:45:03,449 [INFO] DbBoards:157 - Kit is not supported: STEVAL-BFA001V1B
2023-09-24 16:45:03,451 [INFO] BoardInfo:880 - No configuration file found for board STEVAL-BFA001V2B
2023-09-24 16:45:03,451 [INFO] DbBoards:157 - Kit is not supported: STEVAL-BFA001V2B
2023-09-24 16:45:03,458 [INFO] BoardInfo:880 - No configuration file found for board STEVAL-SMARTAG2
2023-09-24 16:45:03,458 [INFO] DbBoards:157 - Board is not supported: STEVAL-SMARTAG2
2023-09-24 16:45:03,603 [INFO] DbBoards:161 - Found 188 boards, 184 are supported
2023-09-24 16:45:03,607 [INFO] ApiDb:423 - Load user favorites file C:\Users\josem/.stm32cubeide/favorites.boards.txt: 0 item(s)
2023-09-24 16:45:03,607 [INFO] ApiDb:427 - User favorites Boards=[]
2023-09-24 16:45:03,608 [INFO] DbBoards:190 - Set 0 / 0 favorites Boards
2023-09-24 16:45:03,612 [INFO] ApiDb:668 - CubeFinder database Data Model version=2.1
2023-09-24 16:45:03,613 [INFO] ApiDb:669 - CubeFinder database Configuration version=3.0.37
2023-09-24 16:45:03,613 [INFO] ApiDb:670 - CubeFinder database generation date=2023-08-09 (1691586011)
2023-09-24 16:45:03,613 [INFO] ApiDb:671 - CubeFinder database FW Pack versions=[FP-ATR-ASTRA1_V2.0.0, FP-SNS-FLIGHT1_V5.0.1, FP-SNS-FLIGHT1_V5.0.2, FP-SNS-MOTENV1_V4.3.1, FP-SNS-MOTENV1_V4.3.2, STM32Cube_FW_C0_V1.1.0, STM32Cube_FW_F4_V1.27.1, STM32Cube_FW_F7_V1.17.0, STM32Cube_FW_G0_V1.6.1, STM32Cube_FW_G4_V1.5.1, STM32Cube_FW_H5_V0.5.1, STM32Cube_FW_H5_V1.1.0, STM32Cube_FW_H7_V1.11.0, STM32Cube_FW_L0_V1.12.2, STM32Cube_FW_L5_V1.5.0, STM32Cube_FW_U5_V1.3.0, STM32Cube_FW_U5_V1.3.0RC4, STM32Cube_FW_WBA_V1.0.0RC1, STM32Cube_FW_WBA_V1.1.0, STM32Cube_FW_WBA_V1.1.0RC1, STM32Cube_FW_WB_V1.15.0RC1, STM32Cube_FW_WB_V1.16.0, STM32Cube_FW_WB_V1.16.0RC2, STM32Cube_FW_WB_V1.17.0, STM32Cube_FW_WL_V1.3.0, X-CUBE-ALGOBUILD_V1.3.0, X-CUBE-ALS_V1.0.1, X-CUBE-AZRTOS-F4_V1.1.0, X-CUBE-AZRTOS-F7_V1.1.0, X-CUBE-AZRTOS-G0_V1.1.0, X-CUBE-AZRTOS-G4_V2.0.0, X-CUBE-AZRTOS-H7_V3.1.0, X-CUBE-AZRTOS-L4_V1.0.0, X-CUBE-AZRTOS-L4_V2.0.0, X-CUBE-AZRTOS-L5_V1.1.0, X-CUBE-AZRTOS-WB_V1.1.0, X-CUBE-AZRTOS-WL_V2.0.0, X-CUBE-BLE1_V7.0.0, X-CUBE-BLE2_V3.3.0, X-CUBE-BLEMGR_V2.0.0, X-CUBE-EEPRMA1_V4.1.0, X-CUBE-FREERTOS_V1.1.0, X-CUBE-GNSS1_V6.0.0, X-CUBE-MEMS1_V9.1.0, X-CUBE-MEMS1_V9.4.0, X-CUBE-MEMS1_V9.6.0, X-CUBE-NFC4_V3.0.0, X-CUBE-NFC7_V1.0.0, X-CUBE-SFXS2LP1_V4.0.0, X-CUBE-SUBG2_V5.0.0, X-CUBE-TOF1_V3.3.1]
2023-09-24 16:45:04,893 [INFO] DbExamplesSqlite:376 - Ignored 27 examples not supported by CubeIDE
2023-09-24 16:45:04,893 [INFO] DbExamplesSqlite:377 - Found 7231 examples active
2023-09-24 16:45:04,893 [INFO] DbExamplesSqlite:378 - Found 677 examples obsolete
2023-09-24 16:45:04,893 [INFO] DbExamplesSqlite:379 - Found 0 examples under development
2023-09-24 16:45:04,894 [INFO] DbExamplesSqlite:380 - Found 74 examples not building
2023-09-24 16:45:04,897 [INFO] DbExamples:125 - Found 7278 examples
2023-09-24 16:45:04,938 [ERROR] DbExamples:208 - Found 22 examples with invalid data (board or MCU)
2023-09-24 16:45:04,939 [INFO] DbExamples:222 - Found 91 boards with related examples
2023-09-24 16:45:04,940 [INFO] DbExamples:235 - Found 77 MCUs with related examples
2023-09-24 16:45:04,968 [INFO] ApiDb:414 - User favorites file not found: C:\Users\josem/.stm32cubeide/favorites.examples.txt
2023-09-24 16:45:04,969 [INFO] DbExamples:250 - Set 0 / 0 favorites Examples
2023-09-24 16:45:05,817 [INFO] McuFinderGlobals:66 - Set McuFinderConnectedMode to true
2023-09-24 16:45:05,832 [INFO] MultiScanPanel:200 - Auto-refresh data requested => check proxy status ongoing
2023-09-24 16:45:05,838 [INFO] FinderPluginLoader:95 - Searching for filters in installed packs
2023-09-24 16:45:07,934 [INFO] LoadUrlFilesThread:185 - End of LoadServerUrlFiles without Thread
2023-09-24 16:45:08,052 [INFO] DetailPanel:341 - Set advertising image to C:/Users/josem/STM32Cube/Repository/\en.prom-stm32h5-mcu-finder.jpg
2023-09-24 16:45:09,271 [INFO] ToolPreferences:110 - Table McuList, key=mcufinder_cubeide.mculist: column name not found=IO
2023-09-24 16:45:09,272 [INFO] ToolPreferences:110 - Table McuList, key=mcufinder_cubeide.mculist: column name not found=Freq.
2023-09-24 16:47:34,002 [INFO] MainUpdater:2854 - connection check result : 10
2023-09-24 16:47:34,003 [INFO] MainUpdater:2854 - connection check result : 10
2023-09-24 16:47:34,132 [INFO] MicroXplorer:468 - Change Database Path : 
2023-09-24 16:47:34,133 [INFO] MicroXplorer:498 - Change Database Version : DB.6.0.80
2023-09-24 16:47:34,133 [WARN] ThirdParty:871 - waiting for thirdparty lock release [close project]
2023-09-24 16:47:34,134 [INFO] ThirdParty:873 - entering critical section [close project]
2023-09-24 16:47:34,138 [INFO] ThirdParty:883 - exiting critical section [close project]
2023-09-24 16:47:34,146 [INFO] PinOutPanel:1499 - setPackage(No Configuration,No Configuration)
2023-09-24 16:47:34,153 [INFO] UtilMem:75 - Begin LoadConfig() Used Memory: 527727888 Bytes (679477248)
2023-09-24 16:47:34,155 [INFO] MicroXplorer:468 - Change Database Path : 
2023-09-24 16:47:34,156 [INFO] MicroXplorer:498 - Change Database Version : DB.6.0.80
2023-09-24 16:47:34,156 [INFO] OpenFileManager:308 - Change cursor
2023-09-24 16:47:34,329 [INFO] Mcu:1937 - Initializing MCU STM32F103C8Tx STM32F103C8Tx 
2023-09-24 16:47:34,330 [INFO] Mcu:1950 - No CPN specified => set CPN to STM32F103C8T6
2023-09-24 16:47:35,857 [INFO] Context:659 - Trying to add GPIOservice into a context  which must be forbidden
2023-09-24 16:47:36,267 [INFO] ImportTextPane:194 - (OptionalMessage_ERROR) Unable to find key (Mcu.ThirdPartyNb) in loaded IOC file
2023-09-24 16:47:36,268 [INFO] ImportTextPane:194 - (OptionalMessage_ERROR) Unable to find key (Mcu.PinsNb) in loaded IOC file
2023-09-24 16:47:36,268 [INFO] ImportTextPane:194 - (OptionalMessage_ERROR) Unable to find key (Mcu.IPNb) in loaded IOC file
2023-09-24 16:47:36,581 [INFO] RtosManager:555 - Registered RTOS mode: class=CMSIS, group=RTOS, mode=CMSIS_V1, owner=FREERTOS
2023-09-24 16:47:36,581 [INFO] RtosManager:555 - Registered RTOS mode: class=CMSIS, group=RTOS2, mode=CMSIS_V2, owner=FREERTOS
2023-09-24 16:47:36,582 [INFO] RtosManager:555 - Registered RTOS mode: class=RTOS, group=Core, mode=CMSIS_V1, owner=FREERTOS
2023-09-24 16:47:36,582 [INFO] RtosManager:555 - Registered RTOS mode: class=RTOS, group=Core, mode=CMSIS_V2, owner=FREERTOS
2023-09-24 16:47:36,582 [WARN] ModelIntegratedComponent:184 - Missing modes for component STMicroelectronics:FreeRTOS:0.0.1:STMicroelectronics:RTOS:FreeRTOS:Core:::10.2.0:
2023-09-24 16:47:36,602 [WARN] ModelIntegratedComponent:63 - No mode defined for component null
2023-09-24 16:47:36,602 [WARN] ModelIntegratedComponent:63 - No mode defined for component null
2023-09-24 16:47:36,602 [WARN] ModelIntegratedComponent:63 - No mode defined for component null
2023-09-24 16:47:36,602 [WARN] ModelIntegratedComponent:63 - No mode defined for component null
2023-09-24 16:47:36,602 [WARN] ModelIntegratedComponent:63 - No mode defined for component null
2023-09-24 16:47:36,602 [WARN] ModelIntegratedComponent:63 - No mode defined for component null
2023-09-24 16:47:36,602 [WARN] ModelIntegratedComponent:63 - No mode defined for component null
2023-09-24 16:47:36,602 [WARN] ModelIntegratedComponent:63 - No mode defined for component null
2023-09-24 16:47:36,603 [WARN] ModelIntegratedComponent:63 - No mode defined for component null
2023-09-24 16:47:36,603 [WARN] ModelIntegratedComponent:63 - No mode defined for component null
2023-09-24 16:47:36,603 [WARN] ModelIntegratedComponent:63 - No mode defined for component null
2023-09-24 16:47:36,603 [WARN] ModelIntegratedComponent:63 - No mode defined for component null
2023-09-24 16:47:36,603 [WARN] ModelIntegratedComponent:63 - No mode defined for component null
2023-09-24 16:47:36,603 [WARN] ModelIntegratedComponent:63 - No mode defined for component null
2023-09-24 16:47:36,603 [WARN] ModelIntegratedComponent:63 - No mode defined for component null
2023-09-24 16:47:36,604 [WARN] ModelIntegratedComponent:63 - No mode defined for component null
2023-09-24 16:47:36,604 [WARN] ModelIntegratedComponent:63 - No mode defined for component null
2023-09-24 16:47:36,604 [WARN] ModelIntegratedComponent:63 - No mode defined for component null
2023-09-24 16:47:36,604 [WARN] ModelIntegratedComponent:63 - No mode defined for component null
2023-09-24 16:47:36,604 [WARN] ModelIntegratedComponent:63 - No mode defined for component null
2023-09-24 16:47:36,604 [WARN] ModelIntegratedComponent:63 - No mode defined for component null
2023-09-24 16:47:36,604 [WARN] ModelIntegratedComponent:63 - No mode defined for component null
2023-09-24 16:47:36,604 [WARN] ModelIntegratedComponent:63 - No mode defined for component null
2023-09-24 16:47:36,604 [WARN] ModelIntegratedComponent:63 - No mode defined for component null
2023-09-24 16:47:36,605 [WARN] ModelIntegratedComponent:63 - No mode defined for component null
2023-09-24 16:47:36,605 [WARN] ModelIntegratedComponent:63 - No mode defined for component null
2023-09-24 16:47:36,605 [WARN] ModelIntegratedComponent:63 - No mode defined for component null
2023-09-24 16:47:36,605 [WARN] ModelIntegratedComponent:63 - No mode defined for component null
2023-09-24 16:47:36,605 [WARN] ModelIntegratedComponent:63 - No mode defined for component null
2023-09-24 16:47:36,605 [WARN] ModelIntegratedComponent:63 - No mode defined for component null
2023-09-24 16:47:36,605 [WARN] ModelIntegratedComponent:63 - No mode defined for component null
2023-09-24 16:47:36,606 [WARN] ModelIntegratedComponent:63 - No mode defined for component null
2023-09-24 16:47:36,606 [WARN] ModelIntegratedComponent:63 - No mode defined for component null
2023-09-24 16:47:36,736 [INFO] ThirdPartyModel:298 - Start build external matchings
2023-09-24 16:47:38,471 [INFO] ThirdPartyModel:316 - End build external matchings
2023-09-24 16:47:39,023 [INFO] UtilMem:75 - End LoadConfig() Used Memory: 518431704 Bytes (679477248)
2023-09-24 16:47:39,085 [WARN] ThirdParty:833 - waiting for thirdparty lock release [change project]
2023-09-24 16:47:39,085 [INFO] ThirdParty:835 - entering critical section [change project]
2023-09-24 16:47:39,086 [INFO] ThirdParty:1030 - CMSIS Pack Vendor :STMicroelectronics X-CUBE-ISPU 1.1.0
2023-09-24 16:47:39,086 [INFO] ThirdParty:1030 - CMSIS Pack Vendor :RoweBots I-CUBE-UNISONRTOS 5.5.0-4
2023-09-24 16:47:39,086 [INFO] ThirdParty:1030 - CMSIS Pack Vendor :STMicroelectronics X-CUBE-GNSS1 6.0.0
2023-09-24 16:47:39,086 [INFO] ThirdParty:1030 - CMSIS Pack Vendor :STMicroelectronics USB_HOST 2.0.0
2023-09-24 16:47:39,086 [INFO] ThirdParty:1030 - CMSIS Pack Vendor :STMicroelectronics X-CUBE-AZRTOS-F4 1.1.0
2023-09-24 16:47:39,086 [INFO] ThirdParty:1030 - CMSIS Pack Vendor :STMicroelectronics LIBJPEG 8.0.0
2023-09-24 16:47:39,086 [INFO] ThirdParty:1030 - CMSIS Pack Vendor :STMicroelectronics X-CUBE-SMBUS 2.1.0
2023-09-24 16:47:39,087 [INFO] ThirdParty:1030 - CMSIS Pack Vendor :STMicroelectronics USB_DEVICE 3.0.0
2023-09-24 16:47:39,087 [INFO] ThirdParty:1030 - CMSIS Pack Vendor :STMicroelectronics X-CUBE-AI 8.0.0
2023-09-24 16:47:39,087 [INFO] ThirdParty:1030 - CMSIS Pack Vendor :STMicroelectronics X-CUBE-AZRTOS-WB 2.0.0
2023-09-24 16:47:39,087 [INFO] ThirdParty:1030 - CMSIS Pack Vendor :STMicroelectronics X-CUBE-FREERTOS 1.0.0
2023-09-24 16:47:39,087 [INFO] ThirdParty:1030 - CMSIS Pack Vendor :STMicroelectronics X-CUBE-FREERTOS 1.0.1
2023-09-24 16:47:39,087 [INFO] ThirdParty:1030 - CMSIS Pack Vendor :STMicroelectronics X-CUBE-TOUCHGFX 4.21.3
2023-09-24 16:47:39,087 [INFO] ThirdParty:1030 - CMSIS Pack Vendor :STMicroelectronics X-CUBE-AZRTOS-F7 1.1.0
2023-09-24 16:47:39,087 [INFO] ThirdParty:1030 - CMSIS Pack Vendor :STMicroelectronics X-CUBE-TOUCHGFX 4.21.4
2023-09-24 16:47:39,087 [INFO] ThirdParty:1030 - CMSIS Pack Vendor :STMicroelectronics X-CUBE-AZRTOS-L5 2.0.0
2023-09-24 16:47:39,087 [INFO] ThirdParty:1030 - CMSIS Pack Vendor :STMicroelectronics USB_DEVICE 2.0.0
2023-09-24 16:47:39,088 [INFO] ThirdParty:1030 - CMSIS Pack Vendor :STMicroelectronics X-CUBE-MEMS1 9.6.0
2023-09-24 16:47:39,088 [INFO] ThirdParty:1030 - CMSIS Pack Vendor :STMicroelectronics FP-SNS-MOTENV1 4.3.0
2023-09-24 16:47:39,088 [INFO] ThirdParty:1030 - CMSIS Pack Vendor :STMicroelectronics FP-SNS-MOTENV1 4.3.2
2023-09-24 16:47:39,088 [INFO] ThirdParty:1030 - CMSIS Pack Vendor :STMicroelectronics FP-SNS-FLIGHT1 5.0.0
2023-09-24 16:47:39,088 [INFO] ThirdParty:1030 - CMSIS Pack Vendor :STMicroelectronics FP-SNS-MOTENV1 4.3.1
2023-09-24 16:47:39,088 [INFO] ThirdParty:1030 - CMSIS Pack Vendor :STMicroelectronics FP-SNS-FLIGHT1 5.0.1
2023-09-24 16:47:39,088 [INFO] ThirdParty:1030 - CMSIS Pack Vendor :STMicroelectronics X-CUBE-ALGOBUILD 1.3.0
2023-09-24 16:47:39,088 [INFO] ThirdParty:1030 - CMSIS Pack Vendor :STMicroelectronics X-CUBE-BLE1 6.2.4
2023-09-24 16:47:39,089 [INFO] ThirdParty:1030 - CMSIS Pack Vendor :STMicroelectronics X-CUBE-AZRTOS-L5 1.1.0
2023-09-24 16:47:39,089 [INFO] ThirdParty:1030 - CMSIS Pack Vendor :STMicroelectronics FreeRTOS 0.0.1
2023-09-24 16:47:39,089 [INFO] ThirdParty:1030 - CMSIS Pack Vendor :STMicroelectronics X-CUBE-AZRTOS-G0 1.1.0
2023-09-24 16:47:39,089 [INFO] ThirdParty:1030 - CMSIS Pack Vendor :emotas I-CUBE-CANOPEN 1.1.3
2023-09-24 16:47:39,089 [INFO] ThirdParty:1030 - CMSIS Pack Vendor :STMicroelectronics X-CUBE-BLEMGR 2.0.0
2023-09-24 16:47:39,090 [INFO] ThirdParty:1030 - CMSIS Pack Vendor :STMicroelectronics X-CUBE-AI 8.0.1
2023-09-24 16:47:39,090 [INFO] ThirdParty:1030 - CMSIS Pack Vendor :STMicroelectronics X-CUBE-NFC4 3.0.0
2023-09-24 16:47:39,090 [INFO] ThirdParty:1030 - CMSIS Pack Vendor :STMicroelectronics X-CUBE-SUBG2 5.0.0
2023-09-24 16:47:39,090 [INFO] ThirdParty:1030 - CMSIS Pack Vendor :STMicroelectronics STM32_WPAN 1.0.0
2023-09-24 16:47:39,091 [INFO] ThirdParty:1030 - CMSIS Pack Vendor :STMicroelectronics lwIP 2.0.3
2023-09-24 16:47:39,091 [INFO] ThirdParty:1030 - CMSIS Pack Vendor :STMicroelectronics FP-SNS-FLIGHT1 5.0.2
2023-09-24 16:47:39,091 [INFO] ThirdParty:1030 - CMSIS Pack Vendor :STMicroelectronics USB_HOST 1.0.0
2023-09-24 16:47:39,091 [INFO] ThirdParty:1030 - CMSIS Pack Vendor :STMicroelectronics X-CUBE-TOF1 3.3.1
2023-09-24 16:47:39,091 [INFO] ThirdParty:1030 - CMSIS Pack Vendor :STMicroelectronics X-CUBE-AZRTOS-G4 2.0.0
2023-09-24 16:47:39,091 [INFO] ThirdParty:1030 - CMSIS Pack Vendor :STMicroelectronics PDM2PCM 3.1.0
2023-09-24 16:47:39,091 [INFO] ThirdParty:1030 - CMSIS Pack Vendor :STMicroelectronics X-CUBE-AZRTOS-H7 3.1.0
2023-09-24 16:47:39,092 [INFO] ThirdParty:1030 - CMSIS Pack Vendor :STMicroelectronics X-CUBE-TOF1 3.3.0
2023-09-24 16:47:39,092 [INFO] ThirdParty:1030 - CMSIS Pack Vendor :STMicroelectronics FP-ATR-ASTRA1 1.1.1
2023-09-24 16:47:39,092 [INFO] ThirdParty:1030 - CMSIS Pack Vendor :STMicroelectronics PDM2PCM 3.3.0
2023-09-24 16:47:39,092 [INFO] ThirdParty:1030 - CMSIS Pack Vendor :STMicroelectronics X-CUBE-DISPLAY 3.0.0
2023-09-24 16:47:39,092 [INFO] ThirdParty:1030 - CMSIS Pack Vendor :STMicroelectronics X-CUBE-BLE1 7.0.0
2023-09-24 16:47:39,093 [INFO] ThirdParty:1030 - CMSIS Pack Vendor :STMicroelectronics FP-ATR-SIGFOX1 3.2.0
2023-09-24 16:47:39,093 [INFO] ThirdParty:1030 - CMSIS Pack Vendor :STMicroelectronics X-CUBE-AZRTOS-G4 1.0.0
2023-09-24 16:47:39,093 [INFO] ThirdParty:1030 - CMSIS Pack Vendor :wolfSSL I-CUBE-wolfSSL 5.5.4
2023-09-24 16:47:39,094 [INFO] ThirdParty:1030 - CMSIS Pack Vendor :STMicroelectronics X-CUBE-AZRTOS-L4 1.0.0
2023-09-24 16:47:39,094 [INFO] ThirdParty:1030 - CMSIS Pack Vendor :STMicroelectronics HAL Drivers 0.0.0
2023-09-24 16:47:39,094 [INFO] ThirdParty:1030 - CMSIS Pack Vendor :STMicroelectronics MBEDTLS 2.16.2
2023-09-24 16:47:39,094 [INFO] ThirdParty:1030 - CMSIS Pack Vendor :STMicroelectronics X-CUBE-FREERTOS 1.1.0
2023-09-24 16:47:39,094 [INFO] ThirdParty:1030 - CMSIS Pack Vendor :STMicroelectronics X-CUBE-TOUCHGFX 4.22.0
2023-09-24 16:47:39,094 [INFO] ThirdParty:1030 - CMSIS Pack Vendor :STMicroelectronics X-CUBE-NFC7 1.0.1
2023-09-24 16:47:39,094 [INFO] ThirdParty:1030 - CMSIS Pack Vendor :STMicroelectronics MBEDTLS 2.14.1
2023-09-24 16:47:39,094 [INFO] ThirdParty:1030 - CMSIS Pack Vendor :STMicroelectronics X-CUBE-NFC7 1.0.0
2023-09-24 16:47:39,094 [INFO] ThirdParty:1030 - CMSIS Pack Vendor :STMicroelectronics X-CUBE-AZRTOS-WL 1.0.0
2023-09-24 16:47:39,095 [INFO] ThirdParty:1030 - CMSIS Pack Vendor :STMicroelectronics X-CUBE-NFC6 3.0.0
2023-09-24 16:47:39,095 [INFO] ThirdParty:1030 - CMSIS Pack Vendor :STMicroelectronics X-CUBE-EEPRMA1 4.1.0
2023-09-24 16:47:39,095 [INFO] ThirdParty:1030 - CMSIS Pack Vendor :portGmbH I-Cube-SoM-uGOAL 1.1.0
2023-09-24 16:47:39,095 [INFO] ThirdParty:1030 - CMSIS Pack Vendor :STMicroelectronics X-CUBE-ALS 1.0.1
2023-09-24 16:47:39,095 [INFO] ThirdParty:1030 - CMSIS Pack Vendor :STMicroelectronics X-CUBE-MEMS1 9.5.0
2023-09-24 16:47:39,095 [INFO] ThirdParty:1030 - CMSIS Pack Vendor :STMicroelectronics ThreadX 1.0.0
2023-09-24 16:47:39,095 [INFO] ThirdParty:1030 - CMSIS Pack Vendor :STMicroelectronics FP-SNS-SMARTAG2 1.2.0
2023-09-24 16:47:39,095 [INFO] ThirdParty:1030 - CMSIS Pack Vendor :STMicroelectronics X-CUBE-AZRTOS-WB 1.1.0
2023-09-24 16:47:39,095 [INFO] ThirdParty:1030 - CMSIS Pack Vendor :STMicroelectronics X-CUBE-AZRTOS-WL 2.0.0
2023-09-24 16:47:39,096 [INFO] ThirdParty:1030 - CMSIS Pack Vendor :SEGGER I-CUBE-embOS 1.3.1
2023-09-24 16:47:39,096 [INFO] ThirdParty:1030 - CMSIS Pack Vendor :STMicroelectronics USB_DEVICE 1.0.0
2023-09-24 16:47:39,096 [INFO] ThirdParty:1030 - CMSIS Pack Vendor :STMicroelectronics X-CUBE-AI 8.1.0
2023-09-24 16:47:39,096 [INFO] ThirdParty:1030 - CMSIS Pack Vendor :STMicroelectronics X-CUBE-AZRTOS-L4 2.0.0
2023-09-24 16:47:39,096 [INFO] ThirdParty:1030 - CMSIS Pack Vendor :STMicroelectronics ThreadX 0.0.2
2023-09-24 16:47:39,096 [INFO] ThirdParty:1030 - CMSIS Pack Vendor :WES I-CUBE-Cesium 1.3.0
2023-09-24 16:47:39,096 [INFO] ThirdParty:1030 - CMSIS Pack Vendor :STMicroelectronics FP-ATR-ASTRA1 2.0.0
2023-09-24 16:47:39,096 [INFO] ThirdParty:1030 - CMSIS Pack Vendor :STMicroelectronics lwIP 2.1.2
2023-09-24 16:47:39,096 [INFO] ThirdParty:1030 - CMSIS Pack Vendor :STMicroelectronics X-CUBE-SFXS2LP1 4.0.0
2023-09-24 16:47:39,097 [INFO] ThirdParty:1030 - CMSIS Pack Vendor :STMicroelectronics X-CUBE-BLE2 3.3.0
2023-09-24 16:47:39,097 [INFO] ThirdParty:1030 - CMSIS Pack Vendor :STMicroelectronics PDM2PCM 3.2.0
2023-09-24 16:47:39,097 [INFO] ThirdParty:1030 - CMSIS Pack Vendor :STMicroelectronics X-CUBE-AZRTOS-H7 3.0.0
2023-09-24 16:47:39,097 [INFO] ThirdParty:841 - exiting critical section [change project]
2023-09-24 16:47:39,789 [INFO] PinOutPanel:1499 - setPackage(No Configuration,No Configuration)
2023-09-24 16:47:39,794 [INFO] PinOutPanel:1499 - setPackage(STM32F103C8Tx,LQFP48)
2023-09-24 16:47:41,041 [INFO] UtilMem:75 - Before build in PCC Used Memory: 520793072 Bytes (679477248)
2023-09-24 16:47:43,443 [INFO] UtilMem:75 - After build in PCC Used Memory: 500646864 Bytes (679477248)
2023-09-24 16:47:43,509 [INFO] IPUIPlugin:80 - create IPUIPlugin
2023-09-24 16:47:43,510 [INFO] IPUIPlugin:80 - create IPUIPlugin
2023-09-24 16:47:43,511 [INFO] IPUIPlugin:80 - create IPUIPlugin
2023-09-24 16:47:43,512 [INFO] IPUIPlugin:80 - create IPUIPlugin
2023-09-24 16:47:43,513 [INFO] IPUIPlugin:80 - create IPUIPlugin
2023-09-24 16:47:43,514 [INFO] IPUIPlugin:80 - create IPUIPlugin
2023-09-24 16:47:43,514 [INFO] IPUIPlugin:80 - create IPUIPlugin
2023-09-24 16:47:43,515 [INFO] IPUIPlugin:80 - create IPUIPlugin
2023-09-24 16:47:43,515 [INFO] IPUIPlugin:80 - create IPUIPlugin
2023-09-24 16:47:43,515 [INFO] IPUIPlugin:80 - create IPUIPlugin
2023-09-24 16:47:43,516 [INFO] IPUIPlugin:80 - create IPUIPlugin
2023-09-24 16:47:43,516 [INFO] IPUIPlugin:80 - create IPUIPlugin
2023-09-24 16:47:43,517 [INFO] IPUIPlugin:80 - create IPUIPlugin
2023-09-24 16:47:43,517 [INFO] IPUIPlugin:80 - create IPUIPlugin
2023-09-24 16:47:43,518 [INFO] IPUIPlugin:80 - create IPUIPlugin
2023-09-24 16:47:43,518 [INFO] IPUIPlugin:80 - create IPUIPlugin
2023-09-24 16:47:43,519 [INFO] IPUIPlugin:80 - create IPUIPlugin
2023-09-24 16:47:43,519 [INFO] IPUIPlugin:80 - create IPUIPlugin
2023-09-24 16:47:43,519 [INFO] IPUIPlugin:80 - create IPUIPlugin
2023-09-24 16:47:43,520 [INFO] IPUIPlugin:80 - create IPUIPlugin
2023-09-24 16:47:43,522 [INFO] IPUIPlugin:80 - create IPUIPlugin
2023-09-24 16:47:43,524 [INFO] IPUIPlugin:80 - create IPUIPlugin
2023-09-24 16:47:43,525 [INFO] IPUIPlugin:80 - create IPUIPlugin
2023-09-24 16:47:43,526 [INFO] IPUIPlugin:80 - create IPUIPlugin
2023-09-24 16:47:43,526 [INFO] IPUIPlugin:80 - create IPUIPlugin
2023-09-24 16:47:43,527 [INFO] IPUIPlugin:80 - create IPUIPlugin
2023-09-24 16:47:43,527 [INFO] IPUIPlugin:80 - create IPUIPlugin
2023-09-24 16:47:44,271 [INFO] CADModel:165 - CPN selected for project levelSTM32F103C8T6
2023-09-24 16:47:44,271 [INFO] CADModel:114 - Register for checkConnection events
2023-09-24 16:47:44,385 [INFO] OpenFileManager:328 - Restore cursor
2023-09-24 16:47:46,725 [INFO] UtilMem:75 - End SaveConfig() Used Memory: 512791800 Bytes (679477248)
2023-09-24 16:47:46,856 [INFO] UtilMem:75 - End SaveConfig() Used Memory: 524852472 Bytes (679477248)
2023-09-24 16:47:47,785 [INFO] BlockDiagram:2759 - set Specific Code input for plugin: NVIC
2023-09-24 16:47:47,786 [INFO] BlockDiagram:2759 - set Specific Code input for plugin: RCC
2023-09-24 16:47:47,788 [INFO] CodeGenerator:793 - code generatio: config db path: D:\ST\STM32CubeIDE_1.12.0\STM32CubeIDE\plugins\com.st.stm32cube.common.mx_6.8.0.202302231600\\db\
2023-09-24 16:47:48,890 [INFO] CodeEngine:255 - oldGeneratedFile, D:\RITA\Codigos\Tests\V2\ST\NEO_8M\MXTmpFiles\license.tmp_save
2023-09-24 16:47:50,213 [INFO] CodeEngine:279 - Generated code: D:\RITA\Codigos\Tests\V2\ST\NEO_8M\MXTmpFiles\license.tmp
2023-09-24 16:47:50,248 [INFO] CodeEngine:255 - oldGeneratedFile, D:\RITA\Codigos\Tests\V2\ST\NEO_8M\Core\Src\stm32f1xx_it.c_save
2023-09-24 16:47:50,695 [INFO] CodeEngine:279 - Generated code: D:\RITA\Codigos\Tests\V2\ST\NEO_8M\Core\Src\stm32f1xx_it.c
2023-09-24 16:47:50,735 [INFO] CodeEngine:255 - oldGeneratedFile, D:\RITA\Codigos\Tests\V2\ST\NEO_8M\Core\Inc\stm32f1xx_it.h_save
2023-09-24 16:47:50,933 [INFO] CodeEngine:279 - Generated code: D:\RITA\Codigos\Tests\V2\ST\NEO_8M\Core\Inc\stm32f1xx_it.h
2023-09-24 16:47:51,269 [INFO] CodeEngine:255 - oldGeneratedFile, D:\RITA\Codigos\Tests\V2\ST\NEO_8M\Core\Src\stm32f1xx_hal_msp.c_save
2023-09-24 16:47:51,628 [INFO] CodeEngine:279 - Generated code: D:\RITA\Codigos\Tests\V2\ST\NEO_8M\Core\Src\stm32f1xx_hal_msp.c
2023-09-24 16:47:51,698 [INFO] CodeEngine:255 - oldGeneratedFile, D:\RITA\Codigos\Tests\V2\ST\NEO_8M\MXTmpFiles\system.tmp_save
2023-09-24 16:47:52,009 [INFO] CodeEngine:279 - Generated code: D:\RITA\Codigos\Tests\V2\ST\NEO_8M\MXTmpFiles\system.tmp
2023-09-24 16:47:52,108 [INFO] CodeEngine:311 - oldGeneratedFile, D:\RITA\Codigos\Tests\V2\ST\NEO_8M\Core\Inc\stm32f1xx_hal_conf.h_save
2023-09-24 16:47:52,697 [INFO] CodeEngine:335 - Generated code: D:\RITA\Codigos\Tests\V2\ST\NEO_8M\Core\Inc\stm32f1xx_hal_conf.h
2023-09-24 16:47:52,942 [INFO] CodeEngine:255 - oldGeneratedFile, D:\RITA\Codigos\Tests\V2\ST\NEO_8M\Core\Inc\main.h_save
2023-09-24 16:47:53,385 [INFO] CodeEngine:279 - Generated code: D:\RITA\Codigos\Tests\V2\ST\NEO_8M\Core\Inc\main.h
2023-09-24 16:47:53,424 [INFO] CodeEngine:255 - oldGeneratedFile, D:\RITA\Codigos\Tests\V2\ST\NEO_8M\Core\Src\main.c_save
2023-09-24 16:47:53,713 [INFO] CodeEngine:279 - Generated code: D:\RITA\Codigos\Tests\V2\ST\NEO_8M\Core\Src\main.c
2023-09-24 16:47:55,385 [INFO] ProjectBuilder:2996 - Time for Copy HAL[1] : 375mS.
2023-09-24 16:47:55,404 [INFO] ProjectBuilder:4304 - Project Generator version: 3.19.2
2023-09-24 16:47:56,005 [INFO] ConfigFileManager:1483 - The Die is : DIE410
2023-09-24 16:47:56,065 [INFO] ApiDbMcu:507 - Load IP Config File for FATFS
2023-09-24 16:47:56,135 [INFO] ApiDbMcu:507 - Load IP Config File for FREERTOS
2023-09-24 16:47:56,197 [INFO] ApiDbMcu:507 - Load IP Config File for USB_DEVICE
2023-09-24 16:47:58,286 [INFO] LogOutputStream:77 - [STDOUT_REDIRECT] 
2023-09-24 16:48:08,556 [INFO] ProjectBuilder:4505 - Time for Generating toolchain IDE Files: 13151mS.
2023-09-24 16:48:08,559 [INFO] ProjectBuilder:2867 - Time for Copy CMSIS : 0mS.
2023-09-24 16:48:08,562 [INFO] ProjectBuilder:2867 - Time for Copy CMSIS : 0mS.
2023-09-24 16:48:11,980 [INFO] McuFinderGlobals:66 - Set McuFinderConnectedMode to true
2023-09-24 16:48:11,982 [INFO] ApiDb:448 - Save user favorites file C:\Users\josem/.stm32cubeide/favorites.mcus.txt: 0 item(s)
2023-09-24 16:48:11,982 [INFO] ApiDb:452 - User favorites MCUs=[]
2023-09-24 16:50:58,396 [INFO] NvicIntPanel:101 - NVIC parent = com.st.microxplorer.plugins.ip.nvic.MultiNvicIntPanel[,0,0,450x305,layout=javax.swing.BoxLayout,alignmentX=0.0,alignmentY=0.0,border=,flags=9,maximumSize=,minimumSize=,preferredSize=]
2023-09-24 16:51:28,898 [INFO] Gpio:273 - dependency for GPIO [RCC, SYS]
2023-09-24 16:51:29,941 [INFO] Gpio:273 - dependency for GPIO [RCC, SYS]
2023-09-24 16:51:31,293 [INFO] Gpio:273 - dependency for GPIO [RCC, SYS]
2023-09-24 16:51:40,143 [INFO] NvicIntPanel:101 - NVIC parent = com.st.microxplorer.plugins.ip.nvic.MultiNvicIntPanel[,0,0,0x0,invalid,layout=javax.swing.BoxLayout,alignmentX=0.0,alignmentY=0.0,border=,flags=9,maximumSize=,minimumSize=,preferredSize=]
2023-09-24 16:52:19,543 [INFO] NvicIntPanel:101 - NVIC parent = com.st.microxplorer.plugins.ip.nvic.MultiNvicIntPanel[,0,0,450x305,layout=javax.swing.BoxLayout,alignmentX=0.0,alignmentY=0.0,border=,flags=9,maximumSize=,minimumSize=,preferredSize=]
2023-09-24 16:52:59,451 [ERROR] LogOutputStream:75 - [STDERR_REDIRECT] Exception in thread "AWT-EventQueue-0" java.awt.IllegalComponentStateException: component must be showing on the screen to determine its location
2023-09-24 16:52:59,452 [ERROR] LogOutputStream:75 - [STDERR_REDIRECT] 	at java.desktop/java.awt.Component.getLocationOnScreen_NoTreeLock(Component.java:2101)
2023-09-24 16:52:59,455 [ERROR] LogOutputStream:75 - [STDERR_REDIRECT] 	at java.desktop/java.awt.Component.getLocationOnScreen(Component.java:2075)
2023-09-24 16:52:59,457 [ERROR] LogOutputStream:75 - [STDERR_REDIRECT] 	at java.desktop/javax.swing.JPopupMenu.show(JPopupMenu.java:940)
2023-09-24 16:52:59,459 [ERROR] LogOutputStream:75 - [STDERR_REDIRECT] 	at java.desktop/javax.swing.plaf.basic.BasicComboPopup.show(BasicComboPopup.java:235)
2023-09-24 16:52:59,463 [ERROR] LogOutputStream:75 - [STDERR_REDIRECT] 	at java.desktop/javax.swing.plaf.basic.BasicComboPopup.togglePopup(BasicComboPopup.java:1218)
2023-09-24 16:52:59,466 [ERROR] LogOutputStream:75 - [STDERR_REDIRECT] 	at java.desktop/javax.swing.plaf.basic.BasicComboPopup$Handler.mousePressed(BasicComboPopup.java:897)
2023-09-24 16:52:59,468 [ERROR] LogOutputStream:75 - [STDERR_REDIRECT] 	at java.desktop/java.awt.Component.processMouseEvent(Component.java:6632)
2023-09-24 16:52:59,470 [ERROR] LogOutputStream:75 - [STDERR_REDIRECT] 	at java.desktop/javax.swing.JComponent.processMouseEvent(JComponent.java:3342)
2023-09-24 16:52:59,472 [ERROR] LogOutputStream:75 - [STDERR_REDIRECT] 	at java.desktop/java.awt.Component.processEvent(Component.java:6400)
2023-09-24 16:52:59,475 [ERROR] LogOutputStream:75 - [STDERR_REDIRECT] 	at java.desktop/java.awt.Container.processEvent(Container.java:2263)
2023-09-24 16:52:59,478 [ERROR] LogOutputStream:75 - [STDERR_REDIRECT] 	at java.desktop/java.awt.Component.dispatchEventImpl(Component.java:5011)
2023-09-24 16:52:59,481 [ERROR] LogOutputStream:75 - [STDERR_REDIRECT] 	at java.desktop/java.awt.Container.dispatchEventImpl(Container.java:2321)
2023-09-24 16:52:59,483 [ERROR] LogOutputStream:75 - [STDERR_REDIRECT] 	at java.desktop/java.awt.Component.dispatchEvent(Component.java:4843)
2023-09-24 16:52:59,484 [ERROR] LogOutputStream:75 - [STDERR_REDIRECT] 	at java.desktop/javax.swing.plaf.basic.BasicTableUI$Handler.repostEvent(BasicTableUI.java:967)
2023-09-24 16:52:59,487 [ERROR] LogOutputStream:75 - [STDERR_REDIRECT] 	at java.desktop/javax.swing.plaf.basic.BasicTableUI$Handler.adjustSelection(BasicTableUI.java:1129)
2023-09-24 16:52:59,490 [ERROR] LogOutputStream:75 - [STDERR_REDIRECT] 	at java.desktop/javax.swing.plaf.basic.BasicTableUI$Handler.mousePressed(BasicTableUI.java:1057)
2023-09-24 16:52:59,492 [ERROR] LogOutputStream:75 - [STDERR_REDIRECT] 	at java.desktop/java.awt.AWTEventMulticaster.mousePressed(AWTEventMulticaster.java:288)
2023-09-24 16:52:59,495 [ERROR] LogOutputStream:75 - [STDERR_REDIRECT] 	at java.desktop/java.awt.AWTEventMulticaster.mousePressed(AWTEventMulticaster.java:287)
2023-09-24 16:52:59,498 [ERROR] LogOutputStream:75 - [STDERR_REDIRECT] 	at java.desktop/java.awt.AWTEventMulticaster.mousePressed(AWTEventMulticaster.java:287)
2023-09-24 16:52:59,501 [ERROR] LogOutputStream:75 - [STDERR_REDIRECT] 	at java.desktop/java.awt.AWTEventMulticaster.mousePressed(AWTEventMulticaster.java:287)
2023-09-24 16:52:59,503 [ERROR] LogOutputStream:75 - [STDERR_REDIRECT] 	at java.desktop/java.awt.Component.processMouseEvent(Component.java:6632)
2023-09-24 16:52:59,505 [ERROR] LogOutputStream:75 - [STDERR_REDIRECT] 	at java.desktop/javax.swing.JComponent.processMouseEvent(JComponent.java:3342)
2023-09-24 16:52:59,507 [ERROR] LogOutputStream:75 - [STDERR_REDIRECT] 	at java.desktop/java.awt.Component.processEvent(Component.java:6400)
2023-09-24 16:52:59,509 [ERROR] LogOutputStream:75 - [STDERR_REDIRECT] 	at java.desktop/java.awt.Container.processEvent(Container.java:2263)
2023-09-24 16:52:59,511 [ERROR] LogOutputStream:75 - [STDERR_REDIRECT] 	at java.desktop/java.awt.Component.dispatchEventImpl(Component.java:5011)
2023-09-24 16:52:59,513 [ERROR] LogOutputStream:75 - [STDERR_REDIRECT] 	at java.desktop/java.awt.Container.dispatchEventImpl(Container.java:2321)
2023-09-24 16:52:59,515 [ERROR] LogOutputStream:75 - [STDERR_REDIRECT] 	at java.desktop/java.awt.Component.dispatchEvent(Component.java:4843)
2023-09-24 16:52:59,518 [ERROR] LogOutputStream:75 - [STDERR_REDIRECT] 	at java.desktop/java.awt.LightweightDispatcher.retargetMouseEvent(Container.java:4918)
2023-09-24 16:52:59,519 [ERROR] LogOutputStream:75 - [STDERR_REDIRECT] 	at java.desktop/java.awt.LightweightDispatcher.processMouseEvent(Container.java:4544)
2023-09-24 16:52:59,522 [ERROR] LogOutputStream:75 - [STDERR_REDIRECT] 	at java.desktop/java.awt.LightweightDispatcher.dispatchEvent(Container.java:4488)
2023-09-24 16:52:59,525 [ERROR] LogOutputStream:75 - [STDERR_REDIRECT] 	at java.desktop/java.awt.Container.dispatchEventImpl(Container.java:2307)
2023-09-24 16:52:59,526 [ERROR] LogOutputStream:75 - [STDERR_REDIRECT] 	at java.desktop/java.awt.Component.dispatchEvent(Component.java:4843)
2023-09-24 16:52:59,529 [ERROR] LogOutputStream:75 - [STDERR_REDIRECT] 	at java.desktop/java.awt.EventQueue.dispatchEventImpl(EventQueue.java:772)
2023-09-24 16:52:59,531 [ERROR] LogOutputStream:75 - [STDERR_REDIRECT] 	at java.desktop/java.awt.EventQueue$4.run(EventQueue.java:721)
2023-09-24 16:52:59,532 [ERROR] LogOutputStream:75 - [STDERR_REDIRECT] 	at java.desktop/java.awt.EventQueue$4.run(EventQueue.java:715)
2023-09-24 16:52:59,534 [ERROR] LogOutputStream:75 - [STDERR_REDIRECT] 	at java.base/java.security.AccessController.doPrivileged(Native Method)
2023-09-24 16:52:59,536 [ERROR] LogOutputStream:75 - [STDERR_REDIRECT] 	at java.base/java.security.ProtectionDomain$JavaSecurityAccessImpl.doIntersectionPrivilege(ProtectionDomain.java:85)
2023-09-24 16:52:59,539 [ERROR] LogOutputStream:75 - [STDERR_REDIRECT] 	at java.base/java.security.ProtectionDomain$JavaSecurityAccessImpl.doIntersectionPrivilege(ProtectionDomain.java:95)
2023-09-24 16:52:59,541 [ERROR] LogOutputStream:75 - [STDERR_REDIRECT] 	at java.desktop/java.awt.EventQueue$5.run(EventQueue.java:745)
2023-09-24 16:52:59,543 [ERROR] LogOutputStream:75 - [STDERR_REDIRECT] 	at java.desktop/java.awt.EventQueue$5.run(EventQueue.java:743)
2023-09-24 16:52:59,545 [ERROR] LogOutputStream:75 - [STDERR_REDIRECT] 	at java.base/java.security.AccessController.doPrivileged(Native Method)
2023-09-24 16:52:59,547 [ERROR] LogOutputStream:75 - [STDERR_REDIRECT] 	at java.base/java.security.ProtectionDomain$JavaSecurityAccessImpl.doIntersectionPrivilege(ProtectionDomain.java:85)
2023-09-24 16:52:59,549 [ERROR] LogOutputStream:75 - [STDERR_REDIRECT] 	at java.desktop/java.awt.EventQueue.dispatchEvent(EventQueue.java:742)
2023-09-24 16:52:59,552 [ERROR] LogOutputStream:75 - [STDERR_REDIRECT] 	at java.desktop/java.awt.EventDispatchThread.pumpOneEventForFilters(EventDispatchThread.java:203)
2023-09-24 16:52:59,556 [ERROR] LogOutputStream:75 - [STDERR_REDIRECT] 	at java.desktop/java.awt.EventDispatchThread.pumpEventsForFilter(EventDispatchThread.java:124)
2023-09-24 16:52:59,561 [ERROR] LogOutputStream:75 - [STDERR_REDIRECT] 	at java.desktop/java.awt.EventDispatchThread.pumpEventsForHierarchy(EventDispatchThread.java:113)
2023-09-24 16:52:59,564 [ERROR] LogOutputStream:75 - [STDERR_REDIRECT] 	at java.desktop/java.awt.EventDispatchThread.pumpEvents(EventDispatchThread.java:109)
2023-09-24 16:52:59,567 [ERROR] LogOutputStream:75 - [STDERR_REDIRECT] 	at java.desktop/java.awt.EventDispatchThread.pumpEvents(EventDispatchThread.java:101)
2023-09-24 16:52:59,569 [ERROR] LogOutputStream:75 - [STDERR_REDIRECT] 	at java.desktop/java.awt.EventDispatchThread.run(EventDispatchThread.java:90)
2023-09-24 16:53:08,745 [INFO] NvicIntPanel:101 - NVIC parent = com.st.microxplorer.plugins.ip.nvic.MultiNvicIntPanel[,0,0,450x305,layout=javax.swing.BoxLayout,alignmentX=0.0,alignmentY=0.0,border=,flags=9,maximumSize=,minimumSize=,preferredSize=]
2023-09-24 16:53:14,749 [INFO] NvicIntPanel:101 - NVIC parent = com.st.microxplorer.plugins.ip.nvic.MultiNvicIntPanel[,0,0,0x0,invalid,layout=javax.swing.BoxLayout,alignmentX=0.0,alignmentY=0.0,border=,flags=9,maximumSize=,minimumSize=,preferredSize=]
2023-09-24 16:55:21,866 [INFO] NvicIntPanel:101 - NVIC parent = com.st.microxplorer.plugins.ip.nvic.MultiNvicIntPanel[,0,0,450x305,layout=javax.swing.BoxLayout,alignmentX=0.0,alignmentY=0.0,border=,flags=9,maximumSize=,minimumSize=,preferredSize=]
2023-09-24 16:55:24,236 [INFO] UtilMem:75 - End SaveConfig() Used Memory: 524456320 Bytes (1073741824)
2023-09-24 16:55:26,912 [INFO] UtilMem:75 - End SaveConfig() Used Memory: 527249616 Bytes (1073741824)
2023-09-24 16:55:32,544 [INFO] UtilMem:75 - End SaveConfig() Used Memory: 652951488 Bytes (1073741824)
2023-09-24 16:55:33,079 [INFO] BlockDiagram:2759 - set Specific Code input for plugin: NVIC
2023-09-24 16:55:33,079 [INFO] BlockDiagram:2759 - set Specific Code input for plugin: USART
2023-09-24 16:55:33,079 [INFO] BlockDiagram:2759 - set Specific Code input for plugin: SYS
2023-09-24 16:55:33,080 [INFO] BlockDiagram:2759 - set Specific Code input for plugin: GPIO
2023-09-24 16:55:33,080 [INFO] BlockDiagram:2759 - set Specific Code input for plugin: RCC
2023-09-24 16:55:33,081 [INFO] CodeGenerator:793 - code generatio: config db path: D:\ST\STM32CubeIDE_1.12.0\STM32CubeIDE\plugins\com.st.stm32cube.common.mx_6.8.0.202302231600\\db\
2023-09-24 16:55:33,310 [INFO] CodeEngine:255 - oldGeneratedFile, D:\RITA\Codigos\Tests\V2\ST\NEO_8M\MXTmpFiles\license.tmp_save
2023-09-24 16:55:33,590 [INFO] CodeEngine:279 - Generated code: D:\RITA\Codigos\Tests\V2\ST\NEO_8M\MXTmpFiles\license.tmp
2023-09-24 16:55:33,764 [INFO] CodeEngine:255 - oldGeneratedFile, D:\RITA\Codigos\Tests\V2\ST\NEO_8M\MXTmpFiles\gpio.tmp_save
2023-09-24 16:55:33,994 [INFO] CodeEngine:279 - Generated code: D:\RITA\Codigos\Tests\V2\ST\NEO_8M\MXTmpFiles\gpio.tmp
2023-09-24 16:55:34,166 [INFO] CodeEngine:255 - oldGeneratedFile, D:\RITA\Codigos\Tests\V2\ST\NEO_8M\Core\Src\stm32f1xx_it.c_save
2023-09-24 16:55:34,755 [INFO] CodeEngine:279 - Generated code: D:\RITA\Codigos\Tests\V2\ST\NEO_8M\Core\Src\stm32f1xx_it.c
2023-09-24 16:55:34,777 [INFO] CodeEngine:255 - oldGeneratedFile, D:\RITA\Codigos\Tests\V2\ST\NEO_8M\Core\Inc\stm32f1xx_it.h_save
2023-09-24 16:55:34,918 [INFO] CodeEngine:279 - Generated code: D:\RITA\Codigos\Tests\V2\ST\NEO_8M\Core\Inc\stm32f1xx_it.h
2023-09-24 16:55:34,943 [INFO] CodeEngine:255 - oldGeneratedFile, D:\RITA\Codigos\Tests\V2\ST\NEO_8M\Core\Src\stm32f1xx_hal_msp.c_save
2023-09-24 16:55:35,212 [INFO] CodeEngine:279 - Generated code: D:\RITA\Codigos\Tests\V2\ST\NEO_8M\Core\Src\stm32f1xx_hal_msp.c
2023-09-24 16:55:35,219 [INFO] CodeEngine:255 - oldGeneratedFile, D:\RITA\Codigos\Tests\V2\ST\NEO_8M\MXTmpFiles\system.tmp_save
2023-09-24 16:55:35,350 [INFO] CodeEngine:279 - Generated code: D:\RITA\Codigos\Tests\V2\ST\NEO_8M\MXTmpFiles\system.tmp
2023-09-24 16:55:35,407 [INFO] CodeEngine:311 - oldGeneratedFile, D:\RITA\Codigos\Tests\V2\ST\NEO_8M\Core\Inc\stm32f1xx_hal_conf.h_save
2023-09-24 16:55:35,590 [INFO] CodeEngine:335 - Generated code: D:\RITA\Codigos\Tests\V2\ST\NEO_8M\Core\Inc\stm32f1xx_hal_conf.h
2023-09-24 16:55:35,680 [INFO] CodeEngine:255 - oldGeneratedFile, D:\RITA\Codigos\Tests\V2\ST\NEO_8M\Core\Inc\main.h_save
2023-09-24 16:55:35,855 [INFO] CodeEngine:279 - Generated code: D:\RITA\Codigos\Tests\V2\ST\NEO_8M\Core\Inc\main.h
2023-09-24 16:55:35,871 [INFO] CodeEngine:255 - oldGeneratedFile, D:\RITA\Codigos\Tests\V2\ST\NEO_8M\Core\Src\main.c_save
2023-09-24 16:55:36,044 [INFO] CodeEngine:279 - Generated code: D:\RITA\Codigos\Tests\V2\ST\NEO_8M\Core\Src\main.c
2023-09-24 16:55:37,261 [INFO] ProjectBuilder:2996 - Time for Copy HAL[1] : 288mS.
2023-09-24 16:55:37,269 [INFO] ProjectBuilder:4304 - Project Generator version: 3.19.2
2023-09-24 16:55:37,849 [INFO] ConfigFileManager:1483 - The Die is : DIE410
2023-09-24 16:55:41,407 [INFO] ProjectBuilder:4505 - Time for Generating toolchain IDE Files: 4137mS.
2023-09-24 16:55:41,408 [INFO] ProjectBuilder:2867 - Time for Copy CMSIS : 1mS.
2023-09-24 16:55:41,410 [INFO] ProjectBuilder:2867 - Time for Copy CMSIS : 0mS.
2023-09-24 16:56:20,444 [INFO] NvicIntPanel:101 - NVIC parent = com.st.microxplorer.plugins.ip.nvic.MultiNvicIntPanel[,0,0,0x0,invalid,layout=javax.swing.BoxLayout,alignmentX=0.0,alignmentY=0.0,border=,flags=9,maximumSize=,minimumSize=,preferredSize=]
2023-09-24 16:56:31,730 [INFO] NvicIntPanel:101 - NVIC parent = com.st.microxplorer.plugins.ip.nvic.MultiNvicIntPanel[,0,0,0x0,invalid,layout=javax.swing.BoxLayout,alignmentX=0.0,alignmentY=0.0,border=,flags=9,maximumSize=,minimumSize=,preferredSize=]
2023-09-24 16:56:32,431 [INFO] NvicIntPanel:101 - NVIC parent = com.st.microxplorer.plugins.ip.nvic.MultiNvicIntPanel[,0,0,0x0,invalid,layout=javax.swing.BoxLayout,alignmentX=0.0,alignmentY=0.0,border=,flags=9,maximumSize=,minimumSize=,preferredSize=]
2023-09-24 16:56:48,349 [INFO] UtilMem:75 - End SaveConfig() Used Memory: 600276216 Bytes (1073741824)
2023-09-24 16:56:50,366 [INFO] UtilMem:75 - End SaveConfig() Used Memory: 583191896 Bytes (1073741824)
2023-09-24 16:56:50,887 [ERROR] FilesUtils:113 - C:\Users\josem\.stmcube\.STM32CUBEMX_PLUGIN6.8.0Repository.ser (Access is denied)
2023-09-24 16:56:50,950 [ERROR] FilesUtils:157 - C:\Users\josem\.stmcube\.STM32CUBEMX_PLUGIN6.8.0Repository.ser
2023-09-24 16:56:55,345 [INFO] UtilMem:75 - End SaveConfig() Used Memory: 559577872 Bytes (1073741824)
2023-09-24 16:56:55,940 [INFO] BlockDiagram:2759 - set Specific Code input for plugin: NVIC
2023-09-24 16:56:55,941 [INFO] BlockDiagram:2759 - set Specific Code input for plugin: USART
2023-09-24 16:56:55,941 [INFO] BlockDiagram:2759 - set Specific Code input for plugin: USART
2023-09-24 16:56:55,941 [INFO] BlockDiagram:2759 - set Specific Code input for plugin: SYS
2023-09-24 16:56:55,941 [INFO] BlockDiagram:2759 - set Specific Code input for plugin: GPIO
2023-09-24 16:56:55,941 [INFO] BlockDiagram:2759 - set Specific Code input for plugin: RCC
2023-09-24 16:56:55,942 [INFO] CodeGenerator:793 - code generatio: config db path: D:\ST\STM32CubeIDE_1.12.0\STM32CubeIDE\plugins\com.st.stm32cube.common.mx_6.8.0.202302231600\\db\
2023-09-24 16:56:56,296 [INFO] CodeEngine:255 - oldGeneratedFile, D:\RITA\Codigos\Tests\V2\ST\NEO_8M\MXTmpFiles\license.tmp_save
2023-09-24 16:56:56,449 [INFO] CodeEngine:279 - Generated code: D:\RITA\Codigos\Tests\V2\ST\NEO_8M\MXTmpFiles\license.tmp
2023-09-24 16:56:56,473 [INFO] CodeEngine:255 - oldGeneratedFile, D:\RITA\Codigos\Tests\V2\ST\NEO_8M\MXTmpFiles\gpio.tmp_save
2023-09-24 16:56:56,609 [INFO] CodeEngine:279 - Generated code: D:\RITA\Codigos\Tests\V2\ST\NEO_8M\MXTmpFiles\gpio.tmp
2023-09-24 16:56:56,877 [INFO] CodeEngine:255 - oldGeneratedFile, D:\RITA\Codigos\Tests\V2\ST\NEO_8M\Core\Src\stm32f1xx_it.c_save
2023-09-24 16:56:57,072 [INFO] CodeEngine:279 - Generated code: D:\RITA\Codigos\Tests\V2\ST\NEO_8M\Core\Src\stm32f1xx_it.c
2023-09-24 16:56:57,086 [INFO] CodeEngine:255 - oldGeneratedFile, D:\RITA\Codigos\Tests\V2\ST\NEO_8M\Core\Inc\stm32f1xx_it.h_save
2023-09-24 16:56:57,233 [INFO] CodeEngine:279 - Generated code: D:\RITA\Codigos\Tests\V2\ST\NEO_8M\Core\Inc\stm32f1xx_it.h
2023-09-24 16:56:57,264 [INFO] CodeEngine:255 - oldGeneratedFile, D:\RITA\Codigos\Tests\V2\ST\NEO_8M\Core\Src\stm32f1xx_hal_msp.c_save
2023-09-24 16:56:57,501 [INFO] CodeEngine:279 - Generated code: D:\RITA\Codigos\Tests\V2\ST\NEO_8M\Core\Src\stm32f1xx_hal_msp.c
2023-09-24 16:56:57,508 [INFO] CodeEngine:255 - oldGeneratedFile, D:\RITA\Codigos\Tests\V2\ST\NEO_8M\MXTmpFiles\system.tmp_save
2023-09-24 16:56:57,603 [INFO] CodeEngine:279 - Generated code: D:\RITA\Codigos\Tests\V2\ST\NEO_8M\MXTmpFiles\system.tmp
2023-09-24 16:56:57,628 [INFO] CodeEngine:311 - oldGeneratedFile, D:\RITA\Codigos\Tests\V2\ST\NEO_8M\Core\Inc\stm32f1xx_hal_conf.h_save
2023-09-24 16:56:57,795 [INFO] CodeEngine:335 - Generated code: D:\RITA\Codigos\Tests\V2\ST\NEO_8M\Core\Inc\stm32f1xx_hal_conf.h
2023-09-24 16:56:57,876 [INFO] CodeEngine:255 - oldGeneratedFile, D:\RITA\Codigos\Tests\V2\ST\NEO_8M\Core\Inc\main.h_save
2023-09-24 16:56:58,124 [INFO] CodeEngine:279 - Generated code: D:\RITA\Codigos\Tests\V2\ST\NEO_8M\Core\Inc\main.h
2023-09-24 16:56:58,149 [INFO] CodeEngine:255 - oldGeneratedFile, D:\RITA\Codigos\Tests\V2\ST\NEO_8M\Core\Src\main.c_save
2023-09-24 16:56:58,385 [INFO] CodeEngine:279 - Generated code: D:\RITA\Codigos\Tests\V2\ST\NEO_8M\Core\Src\main.c
2023-09-24 16:56:59,476 [INFO] ProjectBuilder:2996 - Time for Copy HAL[1] : 211mS.
2023-09-24 16:56:59,480 [INFO] ProjectBuilder:4304 - Project Generator version: 3.19.2
2023-09-24 16:56:59,934 [INFO] ConfigFileManager:1483 - The Die is : DIE410
2023-09-24 16:57:03,077 [INFO] ProjectBuilder:4505 - Time for Generating toolchain IDE Files: 3598mS.
2023-09-24 16:57:03,079 [INFO] ProjectBuilder:2867 - Time for Copy CMSIS : 1mS.
2023-09-24 16:57:03,083 [INFO] ProjectBuilder:2867 - Time for Copy CMSIS : 0mS.
