2023-09-30 13:27:08,637 [INFO] Activator:176 - 


2023-09-30 13:27:08,673 [INFO] Activator:177 - !SESSION log4j initialized
2023-09-30 13:27:22,946 [INFO] LogOutputStream:77 - [STDOUT_REDIRECT] 
2023-09-30 13:27:27,108 [INFO] ApplicationProperties:184 - Using Application install path: D:\ST\STM32CubeIDE_1.12.0\STM32CubeIDE\plugins\com.st.stm32cube.common.mx_6.9.2.202309101412
2023-09-30 13:27:27,145 [INFO] DbMcusXml:78 - Set database path to: D:\ST\STM32CubeIDE_1.12.0\STM32CubeIDE\plugins\com.st.stm32cube.common.mx_6.9.2.202309101412\\db\/mcu/
2023-09-30 13:27:27,146 [INFO] ApiDb:274 - Set plugin database path to: D:\ST\STM32CubeIDE_1.12.0\STM32CubeIDE\plugins\com.st.stm32cube.common.mx_6.9.2.202309101412\\db\/plugins/boardmanager/
2023-09-30 13:27:27,148 [WARN] ApiDb:259 - Overriding images path with different value:  => D:\ST\STM32CubeIDE_1.12.0\STM32CubeIDE\plugins\com.st.stm32cube.common.mx_6.9.2.202309101412\\db\/plugins/mcufinder/images/
2023-09-30 13:27:27,248 [INFO] ApiDb:250 - Set database path to: C:\Users\josem\.stmcufinder\plugins\mcufinder//mcu/
2023-09-30 13:27:27,249 [INFO] DbMcusAds:125 - Set database path to: C:\Users\josem\.stmcufinder\plugins\mcufinder//mcu/
2023-09-30 13:27:27,251 [INFO] CrossReferenceDbSqlite:203 - Set database path to: C:\Users\josem\.stmcufinder\plugins\mcufinder//mcu/cs/
2023-09-30 13:27:27,497 [INFO] RulesReader:64 - Compatibility file has been processed (293 Rules)
2023-09-30 13:27:27,760 [INFO] DbMcusXml:78 - Set database path to: D:\ST\STM32CubeIDE_1.12.0\STM32CubeIDE\plugins\com.st.stm32cube.common.mx_6.9.2.202309101412\\db\/mcu/
2023-09-30 13:27:27,760 [INFO] ApiDb:274 - Set plugin database path to: D:\ST\STM32CubeIDE_1.12.0\STM32CubeIDE\plugins\com.st.stm32cube.common.mx_6.9.2.202309101412\\db\/plugins/boardmanager/
2023-09-30 13:27:27,761 [INFO] ApiDb:261 - Set plugin images path to: D:\ST\STM32CubeIDE_1.12.0\STM32CubeIDE\plugins\com.st.stm32cube.common.mx_6.9.2.202309101412\\db\/plugins/mcufinder/images/
2023-09-30 13:27:27,761 [WARN] DbFile:41 - Overriding database path with different value: C:\Users\josem\.stmcufinder\plugins\mcufinder/ => C:\Users\josem\.stmcufinder\plugins\mcufinder
2023-09-30 13:27:27,761 [INFO] ApiDb:250 - Set database path to: C:\Users\josem\.stmcufinder\plugins\mcufinder//mcu/
2023-09-30 13:27:27,761 [WARN] DbFile:41 - Overriding database path with different value: C:\Users\josem\.stmcufinder\plugins\mcufinder/ => C:\Users\josem\.stmcufinder\plugins\mcufinder
2023-09-30 13:27:27,761 [INFO] DbMcusAds:125 - Set database path to: C:\Users\josem\.stmcufinder\plugins\mcufinder//mcu/
2023-09-30 13:27:27,762 [WARN] DbFile:41 - Overriding database path with different value: C:\Users\josem\.stmcufinder\plugins\mcufinder/ => C:\Users\josem\.stmcufinder\plugins\mcufinder
2023-09-30 13:27:27,762 [WARN] DbFile:41 - Overriding database path with different value: C:\Users\josem\.stmcufinder\plugins\mcufinder/ => C:\Users\josem\.stmcufinder\plugins\mcufinder
2023-09-30 13:27:27,762 [INFO] CrossReferenceDbSqlite:203 - Set database path to: C:\Users\josem\.stmcufinder\plugins\mcufinder//mcu/cs/
2023-09-30 13:27:28,014 [INFO] MainPanel:262 - HeapMemory: 268435456
2023-09-30 13:27:28,302 [INFO] DbMcusXml:78 - Set database path to: D:\ST\STM32CubeIDE_1.12.0\STM32CubeIDE\plugins\com.st.stm32cube.common.mx_6.9.2.202309101412\\db\/mcu/
2023-09-30 13:27:28,302 [INFO] ApiDb:274 - Set plugin database path to: D:\ST\STM32CubeIDE_1.12.0\STM32CubeIDE\plugins\com.st.stm32cube.common.mx_6.9.2.202309101412\\db\/plugins/boardmanager/
2023-09-30 13:27:28,302 [INFO] ApiDb:261 - Set plugin images path to: D:\ST\STM32CubeIDE_1.12.0\STM32CubeIDE\plugins\com.st.stm32cube.common.mx_6.9.2.202309101412\\db\/plugins/mcufinder/images/
2023-09-30 13:27:28,303 [WARN] DbFile:41 - Overriding database path with different value: C:\Users\josem\.stmcufinder\plugins\mcufinder/ => C:\Users\josem\.stmcufinder\plugins\mcufinder
2023-09-30 13:27:28,303 [INFO] ApiDb:250 - Set database path to: C:\Users\josem\.stmcufinder\plugins\mcufinder//mcu/
2023-09-30 13:27:28,303 [WARN] DbFile:41 - Overriding database path with different value: C:\Users\josem\.stmcufinder\plugins\mcufinder/ => C:\Users\josem\.stmcufinder\plugins\mcufinder
2023-09-30 13:27:28,303 [INFO] DbMcusAds:125 - Set database path to: C:\Users\josem\.stmcufinder\plugins\mcufinder//mcu/
2023-09-30 13:27:28,303 [WARN] DbFile:41 - Overriding database path with different value: C:\Users\josem\.stmcufinder\plugins\mcufinder/ => C:\Users\josem\.stmcufinder\plugins\mcufinder
2023-09-30 13:27:28,304 [WARN] DbFile:41 - Overriding database path with different value: C:\Users\josem\.stmcufinder\plugins\mcufinder/ => C:\Users\josem\.stmcufinder\plugins\mcufinder
2023-09-30 13:27:28,304 [INFO] CrossReferenceDbSqlite:203 - Set database path to: C:\Users\josem\.stmcufinder\plugins\mcufinder//mcu/cs/
2023-09-30 13:27:28,342 [INFO] ApplicationProperties:184 - Using Application install path: D:\ST\STM32CubeIDE_1.12.0\STM32CubeIDE\plugins\com.st.stm32cube.common.mx_6.9.2.202309101412
2023-09-30 13:27:28,345 [INFO] PluginManage:196 - Search for loadable plugins [exclusion list=, ]
2023-09-30 13:27:28,352 [INFO] PluginManage:310 - Check plugin analytics
2023-09-30 13:27:28,923 [INFO] AnalyticsPlugin:253 - Accepted Software Licenses: 
2023-09-30 13:27:28,924 [INFO] AnalyticsPlugin:255 - Accepted CMSIS Pack Licenses: 
2023-09-30 13:27:28,924 [INFO] AnalyticsPlugin:257 - Accepted Firmware Licenses: 
2023-09-30 13:27:28,927 [INFO] PluginManage:359 - Loaded plugin analytics (category:tool,tabindex:-1)
2023-09-30 13:27:28,928 [INFO] PluginManage:310 - Check plugin cadmodel
2023-09-30 13:27:28,982 [INFO] CADModel:105 - Init CAD model plugin
2023-09-30 13:27:28,982 [INFO] PluginManage:359 - Loaded plugin cadmodel (category:power,tabindex:5)
2023-09-30 13:27:28,983 [INFO] PluginManage:310 - Check plugin clock
2023-09-30 13:27:29,031 [INFO] PluginManage:359 - Loaded plugin clock (category:base,tabindex:2)
2023-09-30 13:27:29,032 [INFO] PluginManage:310 - Check plugin ddr
2023-09-30 13:27:29,036 [INFO] PluginManage:359 - Loaded plugin ddr (category:tool,tabindex:6)
2023-09-30 13:27:29,036 [INFO] PluginManage:310 - Check plugin filemanager
2023-09-30 13:27:29,431 [INFO] PluginManage:359 - Loaded plugin filemanager (category:base,tabindex:10)
2023-09-30 13:27:29,431 [INFO] PluginManage:310 - Check plugin ipmanager
2023-09-30 13:27:29,456 [INFO] PluginManage:359 - Loaded plugin ipmanager (category:base,tabindex:5)
2023-09-30 13:27:29,456 [INFO] PluginManage:310 - Check plugin lpbam
2023-09-30 13:27:29,511 [INFO] PluginManage:359 - Loaded plugin lpbam (category:base,tabindex:0)
2023-09-30 13:27:29,511 [INFO] PluginManage:310 - Check plugin memorymap
2023-09-30 13:27:29,572 [INFO] PluginManage:359 - Loaded plugin memorymap (category:base,tabindex:4)
2023-09-30 13:27:29,573 [INFO] PluginManage:310 - Check plugin pinoutandconfiguration
2023-09-30 13:27:29,616 [INFO] PluginManage:359 - Loaded plugin pinoutandconfiguration (category:base,tabindex:1)
2023-09-30 13:27:29,616 [INFO] PluginManage:310 - Check plugin pinoutconfig
2023-09-30 13:27:29,882 [WARN] SupportedApi:132 - Cannot load RTOS API schema: s4s-elt-must-match.1: The content of 'definitions' must match (annotation?, (simpleType | complexType)?, (unique | key | keyref)*)). A problem was found starting at: attribute.
2023-09-30 13:27:30,093 [INFO] PluginManage:359 - Loaded plugin pinoutconfig (category:base,tabindex:0)
2023-09-30 13:27:30,093 [INFO] PluginManage:310 - Check plugin power
2023-09-30 13:27:30,142 [INFO] PluginManage:359 - Loaded plugin power (category:power,tabindex:4)
2023-09-30 13:27:30,142 [INFO] PluginManage:310 - Check plugin projectmanager
2023-09-30 13:27:30,163 [INFO] PluginManage:359 - Loaded plugin projectmanager (category:projectmanager,tabindex:3)
2023-09-30 13:27:30,163 [INFO] PluginManage:310 - Check plugin thirdparty
2023-09-30 13:27:30,643 [WARN] IntegrityCheckThread:84 - waiting for thirdparty lock release [integrity check]
2023-09-30 13:27:30,643 [INFO] PluginManage:359 - Loaded plugin thirdparty (category:base,tabindex:-1)
2023-09-30 13:27:30,643 [INFO] IntegrityCheckThread:86 - entering critical section [integrity check]
2023-09-30 13:27:30,644 [INFO] PluginManage:310 - Check plugin tools
2023-09-30 13:27:30,644 [INFO] ThirdPartyUpdaterWithRetryManager:70 - Updater plugin not ready yet. [1/15]
2023-09-30 13:27:30,681 [INFO] PluginManage:359 - Loaded plugin tools (category:base,tabindex:7)
2023-09-30 13:27:30,681 [INFO] PluginManage:310 - Check plugin tutovideos
2023-09-30 13:27:31,050 [INFO] PluginManage:359 - Loaded plugin tutovideos (category:base,tabindex:-1)
2023-09-30 13:27:31,051 [INFO] PluginManage:310 - Check plugin updater
2023-09-30 13:27:31,092 [INFO] PluginManage:359 - Loaded plugin updater (category:base,tabindex:12)
2023-09-30 13:27:31,092 [INFO] PluginManage:310 - Check plugin userauth
2023-09-30 13:27:31,119 [INFO] UserAuth:113 - Init User Auth plugin
2023-09-30 13:27:31,119 [INFO] PluginManage:359 - Loaded plugin userauth (category:base,tabindex:14)
2023-09-30 13:27:31,120 [INFO] PluginManage:283 - PluginManage : Loaded plugins [17]
2023-09-30 13:27:31,670 [INFO] PinOutPanel:1499 - setPackage(No Configuration,No Configuration)
2023-09-30 13:27:31,898 [INFO] CADModel:165 - CPN selected for project level
2023-09-30 13:27:31,899 [INFO] CADModel:114 - Register for checkConnection events
2023-09-30 13:27:32,003 [INFO] IPUIPlugin:80 - create IPUIPlugin
2023-09-30 13:27:32,003 [INFO] PluginManager:220 - loadIPPluginJar : add adc
2023-09-30 13:27:32,043 [INFO] IPUIPlugin:80 - create IPUIPlugin
2023-09-30 13:27:32,043 [INFO] PluginManager:220 - loadIPPluginJar : add aes
2023-09-30 13:27:32,089 [INFO] IPUIPlugin:80 - create IPUIPlugin
2023-09-30 13:27:32,089 [INFO] PluginManager:220 - loadIPPluginJar : add can
2023-09-30 13:27:32,114 [INFO] IPUIPlugin:80 - create IPUIPlugin
2023-09-30 13:27:32,114 [INFO] PluginManager:220 - loadIPPluginJar : add comp
2023-09-30 13:27:32,153 [INFO] IPUIPlugin:80 - create IPUIPlugin
2023-09-30 13:27:32,153 [INFO] PluginManager:220 - loadIPPluginJar : add cryp
2023-09-30 13:27:32,187 [INFO] IPUIPlugin:80 - create IPUIPlugin
2023-09-30 13:27:32,187 [INFO] PluginManager:220 - loadIPPluginJar : add dfsdm
2023-09-30 13:27:32,206 [INFO] IPUIPlugin:80 - create IPUIPlugin
2023-09-30 13:27:32,207 [INFO] PluginManager:220 - loadIPPluginJar : add dma
2023-09-30 13:27:32,260 [INFO] IPUIPlugin:80 - create IPUIPlugin
2023-09-30 13:27:32,260 [INFO] PluginManager:220 - loadIPPluginJar : add dma3
2023-09-30 13:27:32,283 [INFO] IPUIPlugin:80 - create IPUIPlugin
2023-09-30 13:27:32,283 [INFO] PluginManager:220 - loadIPPluginJar : add fatfs
2023-09-30 13:27:32,337 [INFO] IPUIPlugin:80 - create IPUIPlugin
2023-09-30 13:27:32,337 [INFO] PluginManager:220 - loadIPPluginJar : add fmc
2023-09-30 13:27:32,403 [INFO] IPUIPlugin:80 - create IPUIPlugin
2023-09-30 13:27:32,403 [INFO] PluginManager:220 - loadIPPluginJar : add freertos
2023-09-30 13:27:32,425 [INFO] IPUIPlugin:80 - create IPUIPlugin
2023-09-30 13:27:32,425 [INFO] PluginManager:220 - loadIPPluginJar : add genericplugin
2023-09-30 13:27:32,568 [INFO] IPUIPlugin:80 - create IPUIPlugin
2023-09-30 13:27:32,568 [INFO] PluginManager:220 - loadIPPluginJar : add gfxmmu
2023-09-30 13:27:32,722 [INFO] IPUIPlugin:80 - create IPUIPlugin
2023-09-30 13:27:32,722 [INFO] PluginManager:220 - loadIPPluginJar : add gic
2023-09-30 13:27:32,738 [INFO] IPUIPlugin:80 - create IPUIPlugin
2023-09-30 13:27:32,738 [INFO] PluginManager:220 - loadIPPluginJar : add gpio
2023-09-30 13:27:32,836 [INFO] IPUIPlugin:80 - create IPUIPlugin
2023-09-30 13:27:32,836 [INFO] PluginManager:220 - loadIPPluginJar : add gtzc
2023-09-30 13:27:32,874 [INFO] IPUIPlugin:80 - create IPUIPlugin
2023-09-30 13:27:32,874 [INFO] PluginManager:220 - loadIPPluginJar : add hash
2023-09-30 13:27:32,931 [INFO] IPUIPlugin:80 - create IPUIPlugin
2023-09-30 13:27:32,931 [INFO] PluginManager:220 - loadIPPluginJar : add i2c
2023-09-30 13:27:32,975 [INFO] IPUIPlugin:80 - create IPUIPlugin
2023-09-30 13:27:32,975 [INFO] PluginManager:220 - loadIPPluginJar : add i2s
2023-09-30 13:27:33,565 [INFO] IPUIPlugin:80 - create IPUIPlugin
2023-09-30 13:27:33,565 [INFO] PluginManager:220 - loadIPPluginJar : add i3c
2023-09-30 13:27:33,646 [INFO] ThirdPartyUpdaterWithRetryManager:70 - Updater plugin not ready yet. [2/15]
2023-09-30 13:27:35,219 [INFO] IPUIPlugin:80 - create IPUIPlugin
2023-09-30 13:27:35,220 [INFO] PluginManager:220 - loadIPPluginJar : add ipddr
2023-09-30 13:27:35,327 [INFO] IPUIPlugin:80 - create IPUIPlugin
2023-09-30 13:27:35,328 [INFO] PluginManager:220 - loadIPPluginJar : add linkedlist
2023-09-30 13:27:35,380 [INFO] IPUIPlugin:80 - create IPUIPlugin
2023-09-30 13:27:35,380 [INFO] PluginManager:220 - loadIPPluginJar : add lorawan
2023-09-30 13:27:35,421 [INFO] IPUIPlugin:80 - create IPUIPlugin
2023-09-30 13:27:35,421 [INFO] PluginManager:220 - loadIPPluginJar : add ltdc
2023-09-30 13:27:35,440 [INFO] IPUIPlugin:80 - create IPUIPlugin
2023-09-30 13:27:35,441 [INFO] PluginManager:220 - loadIPPluginJar : add mdma
2023-09-30 13:27:35,455 [INFO] IPUIPlugin:80 - create IPUIPlugin
2023-09-30 13:27:35,455 [INFO] PluginManager:220 - loadIPPluginJar : add nvic
2023-09-30 13:27:35,492 [INFO] IPUIPlugin:80 - create IPUIPlugin
2023-09-30 13:27:35,492 [INFO] PluginManager:220 - loadIPPluginJar : add opamp
2023-09-30 13:27:35,558 [INFO] IPUIPlugin:80 - create IPUIPlugin
2023-09-30 13:27:35,558 [INFO] PluginManager:220 - loadIPPluginJar : add openamp
2023-09-30 13:27:35,617 [INFO] IPUIPlugin:80 - create IPUIPlugin
2023-09-30 13:27:35,617 [INFO] PluginManager:220 - loadIPPluginJar : add pdm2pcm
2023-09-30 13:27:35,635 [INFO] IPUIPlugin:80 - create IPUIPlugin
2023-09-30 13:27:35,640 [INFO] PluginManager:220 - loadIPPluginJar : add plateformsettings
2023-09-30 13:27:35,663 [INFO] IPUIPlugin:80 - create IPUIPlugin
2023-09-30 13:27:35,663 [INFO] PluginManager:220 - loadIPPluginJar : add quadspi
2023-09-30 13:27:35,680 [INFO] IPUIPlugin:80 - create IPUIPlugin
2023-09-30 13:27:35,680 [INFO] PluginManager:220 - loadIPPluginJar : add resmgrutility
2023-09-30 13:27:35,746 [INFO] IPUIPlugin:80 - create IPUIPlugin
2023-09-30 13:27:35,746 [INFO] PluginManager:220 - loadIPPluginJar : add sai
2023-09-30 13:27:35,790 [INFO] IPUIPlugin:80 - create IPUIPlugin
2023-09-30 13:27:35,790 [INFO] PluginManager:220 - loadIPPluginJar : add spi
2023-09-30 13:27:35,856 [INFO] IPUIPlugin:80 - create IPUIPlugin
2023-09-30 13:27:35,856 [INFO] PluginManager:220 - loadIPPluginJar : add stm32_wpan
2023-09-30 13:27:35,881 [INFO] IPUIPlugin:80 - create IPUIPlugin
2023-09-30 13:27:35,881 [INFO] PluginManager:220 - loadIPPluginJar : add tim
2023-09-30 13:27:35,942 [INFO] IPUIPlugin:80 - create IPUIPlugin
2023-09-30 13:27:35,943 [INFO] PluginManager:220 - loadIPPluginJar : add touchsensing
2023-09-30 13:27:35,970 [INFO] IPUIPlugin:80 - create IPUIPlugin
2023-09-30 13:27:35,970 [INFO] PluginManager:220 - loadIPPluginJar : add tracer_emb
2023-09-30 13:27:35,999 [INFO] IPUIPlugin:80 - create IPUIPlugin
2023-09-30 13:27:36,000 [INFO] PluginManager:220 - loadIPPluginJar : add ts
2023-09-30 13:27:36,027 [INFO] IPUIPlugin:80 - create IPUIPlugin
2023-09-30 13:27:36,027 [INFO] PluginManager:220 - loadIPPluginJar : add tsc
2023-09-30 13:27:36,052 [INFO] IPUIPlugin:80 - create IPUIPlugin
2023-09-30 13:27:36,053 [INFO] PluginManager:220 - loadIPPluginJar : add ucpd
2023-09-30 13:27:36,099 [INFO] IPUIPlugin:80 - create IPUIPlugin
2023-09-30 13:27:36,100 [INFO] PluginManager:220 - loadIPPluginJar : add usart
2023-09-30 13:27:36,149 [INFO] IPUIPlugin:80 - create IPUIPlugin
2023-09-30 13:27:36,149 [INFO] PluginManager:220 - loadIPPluginJar : add usbx
2023-09-30 13:27:36,319 [INFO] CADModel:165 - CPN selected for project level
2023-09-30 13:27:36,319 [INFO] CADModel:114 - Register for checkConnection events
2023-09-30 13:27:36,320 [FATAL] Updater:308 - Updater called before beeing initialized
2023-09-30 13:27:36,320 [ERROR] CADModel:125 - Updater not yet initialized, retry later 
2023-09-30 13:27:36,620 [INFO] CADModel:165 - CPN selected for project level
2023-09-30 13:27:36,620 [INFO] CADModel:114 - Register for checkConnection events
2023-09-30 13:27:36,620 [FATAL] Updater:308 - Updater called before beeing initialized
2023-09-30 13:27:36,620 [ERROR] CADModel:125 - Updater not yet initialized, retry later 
2023-09-30 13:27:36,624 [FATAL] Updater:308 - Updater called before beeing initialized
2023-09-30 13:27:36,647 [INFO] ThirdPartyUpdaterWithRetryManager:70 - Updater plugin not ready yet. [3/15]
2023-09-30 13:27:36,807 [FATAL] Updater:308 - Updater called before beeing initialized
2023-09-30 13:27:36,819 [INFO] DbMcusAds:53 - JSON generation date=Tue Mar 07 03:50:55 PET 2023 (1678179055114)
2023-09-30 13:27:36,819 [FATAL] Updater:308 - Updater called before beeing initialized
2023-09-30 13:27:36,971 [WARN] DetailPanel:346 - Failed to get advertising image, set to default
2023-09-30 13:27:37,130 [FATAL] Updater:308 - Updater called before beeing initialized
2023-09-30 13:27:37,133 [FATAL] Updater:308 - Updater called before beeing initialized
2023-09-30 13:27:37,133 [FATAL] Updater:308 - Updater called before beeing initialized
2023-09-30 13:27:37,133 [WARN] DetailPanel:346 - Failed to get advertising image, set to default
2023-09-30 13:27:37,134 [FATAL] Updater:308 - Updater called before beeing initialized
2023-09-30 13:27:37,271 [ERROR] Updater:1120 - MainUpdater not yet initialized. External WinMGr cannot be set.
2023-09-30 13:27:37,296 [INFO] Updater:1056 - Updater Version found : 6.9.2
2023-09-30 13:27:37,341 [INFO] ApplicationProperties:184 - Using Application install path: D:\ST\STM32CubeIDE_1.12.0\STM32CubeIDE\plugins\com.st.stm32cube.common.mx_6.9.2.202309101412
2023-09-30 13:27:39,283 [INFO] MainUpdater:2868 - connection check result : 10
2023-09-30 13:27:39,284 [INFO] MainUpdater:285 - Updater Check For Update Now.
2023-09-30 13:27:39,284 [INFO] MicroXplorer:498 - Change Database Version : DB.6.0.92
2023-09-30 13:27:39,320 [INFO] McuFinderGlobals:63 - Set McuFinder mode to 2 (CubeIDE integrated)
2023-09-30 13:27:39,320 [INFO] UserAuth:179 - activating auth plugin
2023-09-30 13:27:39,346 [INFO] UserAuth:393 - Internet connection configuration mode: 1
2023-09-30 13:27:39,491 [INFO] JxBrowserEngine:151 - Initiate JxBrowser Engine with user profile folder
2023-09-30 13:27:39,557 [INFO] CheckServerUpdateThread:120 - End of CheckServer Thread
2023-09-30 13:27:40,267 [WARN] PackLoader:240 - Cannot read IP mode file for STMicroelectronics.X-CUBE-SMBUS.2.1.0
2023-09-30 13:27:40,369 [WARN] PackLoader:240 - Cannot read IP mode file for STMicroelectronics.X-CUBE-AZRTOS-F7.1.1.0
2023-09-30 13:27:40,398 [ERROR] RealEvaluatedCondition:428 - Found unsupported composite condition: GROUP='STM32_MetaDataManager' CLASS='Data Exchange'
2023-09-30 13:27:40,398 [ERROR] RealEvaluatedCondition:428 - Found unsupported composite condition: GROUP='STM32_MetaDataManager' CLASS='Data Exchange'
2023-09-30 13:27:40,401 [WARN] PackLoader:240 - Cannot read IP mode file for STMicroelectronics.FP-SNS-MOTENV1.4.3.0
2023-09-30 13:27:40,424 [WARN] PackLoader:240 - Cannot read IP mode file for STMicroelectronics.FP-SNS-MOTENV1.4.3.2
2023-09-30 13:27:40,448 [WARN] PackLoader:240 - Cannot read IP mode file for STMicroelectronics.FP-SNS-FLIGHT1.5.0.0
2023-09-30 13:27:40,463 [ERROR] RealEvaluatedCondition:428 - Found unsupported composite condition: GROUP='STM32_MetaDataManager' CLASS='Data Exchange'
2023-09-30 13:27:40,464 [ERROR] RealEvaluatedCondition:428 - Found unsupported composite condition: GROUP='STM32_MetaDataManager' CLASS='Data Exchange'
2023-09-30 13:27:40,466 [WARN] PackLoader:240 - Cannot read IP mode file for STMicroelectronics.FP-SNS-MOTENV1.4.3.1
2023-09-30 13:27:40,486 [WARN] PackLoader:240 - Cannot read IP mode file for STMicroelectronics.FP-SNS-FLIGHT1.5.0.1
2023-09-30 13:27:40,512 [WARN] PackLoader:240 - Cannot read IP mode file for STMicroelectronics.X-CUBE-BLE1.6.2.4
2023-09-30 13:27:40,530 [WARN] PackLoader:240 - Cannot read IP mode file for STMicroelectronics.FP-SNS-FLIGHT1.5.0.2
2023-09-30 13:27:40,556 [WARN] PackLoader:240 - Cannot read IP mode file for STMicroelectronics.X-CUBE-DISPLAY.3.0.0
2023-09-30 13:27:40,586 [WARN] PackLoader:240 - Cannot read IP mode file for STMicroelectronics.X-CUBE-BLE1.7.0.0
2023-09-30 13:27:40,616 [WARN] PackLoader:240 - Cannot read IP mode file for STMicroelectronics.X-CUBE-TOUCHGFX.4.22.0
2023-09-30 13:27:40,634 [WARN] PackLoader:240 - Cannot read IP mode file for STMicroelectronics.FP-SNS-SMARTAG2.1.2.0
2023-09-30 13:27:40,665 [INFO] LogOutputStream:77 - [STDOUT_REDIRECT] 1 : Invalid condition id : UX_CORESTACK_Condition cause : null
2023-09-30 13:27:40,666 [INFO] LogOutputStream:77 - [STDOUT_REDIRECT] 1 : Invalid condition id : UX_CORESTACK_Condition cause : null
2023-09-30 13:27:40,667 [INFO] LogOutputStream:77 - [STDOUT_REDIRECT] 1 : Invalid condition id : UX_CORESTACK_Condition cause : null
2023-09-30 13:27:40,669 [INFO] LogOutputStream:77 - [STDOUT_REDIRECT] 1 : Invalid condition id : UX_CORESTACK_Condition cause : null
2023-09-30 13:27:40,671 [INFO] LogOutputStream:77 - [STDOUT_REDIRECT] 1 : Invalid condition id : UX_CORESTACK_Condition cause : null
2023-09-30 13:27:40,674 [WARN] PackLoader:240 - Cannot read IP mode file for STMicroelectronics.X-CUBE-AZRTOS-WL.2.0.0
2023-09-30 13:27:40,697 [WARN] PackLoader:240 - Cannot read IP mode file for WES.I-CUBE-Cesium.1.3.0
2023-09-30 13:27:40,718 [WARN] PackLoader:240 - Cannot read IP mode file for STMicroelectronics.X-CUBE-BLE2.3.3.0
2023-09-30 13:27:40,731 [WARN] PackLoader:240 - Cannot read IP mode file for STMicroelectronics.X-CUBE-TOUCHGFX.4.21.3
2023-09-30 13:27:40,751 [WARN] PackLoader:240 - Cannot read IP mode file for STMicroelectronics.X-CUBE-TOUCHGFX.4.21.4
2023-09-30 13:27:40,768 [WARN] PackLoader:240 - Cannot read IP mode file for STMicroelectronics.X-CUBE-ALGOBUILD.1.3.0
2023-09-30 13:27:40,821 [WARN] PackLoader:240 - Cannot read IP mode file for STMicroelectronics.X-CUBE-AZRTOS-G0.1.1.0
2023-09-30 13:27:40,847 [WARN] PackLoader:240 - Cannot read IP mode file for STMicroelectronics.X-CUBE-NFC4.3.0.0
2023-09-30 13:27:40,864 [WARN] PackLoader:240 - Cannot read IP mode file for STMicroelectronics.FP-ATR-SIGFOX1.3.2.0
2023-09-30 13:27:40,979 [WARN] PackLoader:240 - Cannot read IP mode file for STMicroelectronics.X-CUBE-MEMS1.9.5.0
2023-09-30 13:27:41,341 [WARN] PackLoader:240 - Cannot read IP mode file for SEGGER.I-CUBE-embOS.1.3.1
2023-09-30 13:27:41,409 [WARN] PackLoader:240 - Cannot read IP mode file for STMicroelectronics.X-CUBE-GNSS1.6.0.0
2023-09-30 13:27:41,459 [WARN] PackLoader:240 - Cannot read IP mode file for STMicroelectronics.X-CUBE-AZRTOS-F4.1.1.0
2023-09-30 13:27:41,515 [WARN] PackLoader:240 - Cannot read IP mode file for STMicroelectronics.X-CUBE-AZRTOS-L5.2.0.0
2023-09-30 13:27:41,608 [WARN] PackLoader:240 - Cannot read IP mode file for STMicroelectronics.X-CUBE-MEMS1.9.6.0
2023-09-30 13:27:41,794 [WARN] PackLoader:240 - Cannot read IP mode file for emotas.I-CUBE-CANOPEN.1.1.3
2023-09-30 13:27:41,821 [WARN] PackLoader:240 - Cannot read IP mode file for STMicroelectronics.X-CUBE-BLEMGR.2.0.0
2023-09-30 13:27:41,868 [WARN] ConditionMgr:438 - getConditionDescription Invalid condition id : UX DEVICE CLASS RTOS Condition cause : null
2023-09-30 13:27:41,869 [WARN] ConditionMgr:438 - getConditionDescription Invalid condition id : UX DEVICE CLASS RTOS Condition cause : null
2023-09-30 13:27:41,875 [WARN] PackLoader:240 - Cannot read IP mode file for STMicroelectronics.X-CUBE-AZRTOS-H7.3.1.0
2023-09-30 13:27:41,876 [WARN] ConditionMgr:1039 - genDependencies : Invalid condition id : UX DEVICE CLASS RTOS Condition cause : null
2023-09-30 13:27:41,877 [WARN] ConditionMgr:1039 - genDependencies : Invalid condition id : UX DEVICE CLASS RTOS Condition cause : null
2023-09-30 13:27:41,878 [WARN] ConditionMgr:1039 - genDependencies : Invalid condition id : UX DEVICE CLASS RTOS Condition cause : null
2023-09-30 13:27:41,878 [WARN] ConditionMgr:1039 - genDependencies : Invalid condition id : UX DEVICE CLASS RTOS Condition cause : null
2023-09-30 13:27:41,879 [WARN] ConditionMgr:1039 - genDependencies : Invalid condition id : UX DEVICE CLASS RTOS Condition cause : null
2023-09-30 13:27:41,895 [WARN] PackLoader:240 - Cannot read IP mode file for wolfSSL.I-CUBE-wolfSSL.5.5.4
2023-09-30 13:27:41,910 [WARN] PackLoader:240 - Cannot read IP mode file for STMicroelectronics.X-CUBE-NFC7.1.0.1
2023-09-30 13:27:41,927 [WARN] PackLoader:240 - Cannot read IP mode file for STMicroelectronics.X-CUBE-NFC7.1.0.0
2023-09-30 13:27:41,946 [WARN] PackLoader:240 - Cannot read IP mode file for STMicroelectronics.X-CUBE-NFC6.3.0.0
2023-09-30 13:27:41,967 [WARN] PackLoader:240 - Cannot read IP mode file for STMicroelectronics.X-CUBE-EEPRMA1.4.1.0
2023-09-30 13:27:41,984 [WARN] PackLoader:240 - Cannot read IP mode file for STMicroelectronics.X-CUBE-AI.8.1.0
2023-09-30 13:27:42,032 [WARN] ConditionMgr:438 - getConditionDescription Invalid condition id : LAN8742 Phy interface Condition cause : null
2023-09-30 13:27:42,033 [WARN] PackLoader:240 - Cannot read IP mode file for STMicroelectronics.X-CUBE-AZRTOS-L4.2.0.0
2023-09-30 13:27:42,036 [WARN] ConditionMgr:1039 - genDependencies : Invalid condition id : LAN8742 Phy interface Condition cause : null
2023-09-30 13:27:42,036 [WARN] ConditionMgr:1039 - genDependencies : Invalid condition id : LAN8742 Phy interface Condition cause : null
2023-09-30 13:27:42,037 [WARN] ConditionMgr:1039 - genDependencies : Invalid condition id : LAN8742 Phy interface Condition cause : null
2023-09-30 13:27:42,058 [WARN] PackLoader:240 - Cannot read IP mode file for STMicroelectronics.X-CUBE-SFXS2LP1.4.0.0
2023-09-30 13:27:42,105 [WARN] PackLoader:240 - Cannot read IP mode file for STMicroelectronics.X-CUBE-AZRTOS-H7.3.0.0
2023-09-30 13:27:42,128 [WARN] PackLoader:240 - Cannot read IP mode file for STMicroelectronics.X-CUBE-ISPU.1.1.0
2023-09-30 13:27:42,151 [WARN] PackLoader:240 - Cannot read IP mode file for RoweBots.I-CUBE-UNISONRTOS.5.5.0-4
2023-09-30 13:27:42,168 [WARN] PackLoader:240 - Cannot read IP mode file for STMicroelectronics.X-CUBE-AI.8.0.0
2023-09-30 13:27:42,202 [WARN] ConditionMgr:438 - getConditionDescription Invalid condition id : UX DEVICE CLASS RTOS Condition cause : null
2023-09-30 13:27:42,202 [WARN] ConditionMgr:438 - getConditionDescription Invalid condition id : UX DEVICE CLASS RTOS Condition cause : null
2023-09-30 13:27:42,204 [WARN] PackLoader:240 - Cannot read IP mode file for STMicroelectronics.X-CUBE-AZRTOS-WB.2.0.0
2023-09-30 13:27:42,205 [WARN] ConditionMgr:1039 - genDependencies : Invalid condition id : UX DEVICE CLASS RTOS Condition cause : null
2023-09-30 13:27:42,206 [WARN] ConditionMgr:1039 - genDependencies : Invalid condition id : UX DEVICE CLASS RTOS Condition cause : null
2023-09-30 13:27:42,206 [WARN] ConditionMgr:1039 - genDependencies : Invalid condition id : UX DEVICE CLASS RTOS Condition cause : null
2023-09-30 13:27:42,206 [WARN] ConditionMgr:1039 - genDependencies : Invalid condition id : UX DEVICE CLASS RTOS Condition cause : null
2023-09-30 13:27:42,206 [WARN] ConditionMgr:1039 - genDependencies : Invalid condition id : UX DEVICE CLASS RTOS Condition cause : null
2023-09-30 13:27:42,222 [WARN] PackLoader:240 - Cannot read IP mode file for STMicroelectronics.X-CUBE-FREERTOS.1.0.0
2023-09-30 13:27:42,238 [WARN] PackLoader:240 - Cannot read IP mode file for STMicroelectronics.X-CUBE-FREERTOS.1.0.1
2023-09-30 13:27:42,274 [WARN] PackLoader:240 - Cannot read IP mode file for STMicroelectronics.X-CUBE-AZRTOS-L5.1.1.0
2023-09-30 13:27:42,289 [WARN] PackLoader:240 - Cannot read IP mode file for STMicroelectronics.X-CUBE-AI.8.0.1
2023-09-30 13:27:42,322 [WARN] PackLoader:240 - Cannot read IP mode file for STMicroelectronics.X-CUBE-SUBG2.5.0.0
2023-09-30 13:27:42,360 [WARN] PackLoader:240 - Cannot read IP mode file for STMicroelectronics.X-CUBE-TOF1.3.3.1
2023-09-30 13:27:42,414 [WARN] PackLoader:240 - Cannot read IP mode file for STMicroelectronics.X-CUBE-AZRTOS-G4.2.0.0
2023-09-30 13:27:42,442 [WARN] PackLoader:240 - Cannot read IP mode file for STMicroelectronics.X-CUBE-TOF1.3.3.0
2023-09-30 13:27:42,464 [WARN] PackLoader:240 - Cannot read IP mode file for STMicroelectronics.FP-ATR-ASTRA1.1.1.1
2023-09-30 13:27:42,509 [WARN] PackLoader:240 - Cannot read IP mode file for STMicroelectronics.X-CUBE-AZRTOS-G4.1.0.0
2023-09-30 13:27:42,555 [WARN] PackLoader:240 - Cannot read IP mode file for STMicroelectronics.X-CUBE-AZRTOS-L4.1.0.0
2023-09-30 13:27:42,575 [WARN] PackLoader:240 - Cannot read IP mode file for STMicroelectronics.X-CUBE-FREERTOS.1.1.0
2023-09-30 13:27:42,608 [WARN] PackLoader:240 - Cannot read IP mode file for STMicroelectronics.X-CUBE-AZRTOS-WL.1.0.0
2023-09-30 13:27:42,630 [WARN] PackLoader:240 - Cannot read IP mode file for portGmbH.I-Cube-SoM-uGOAL.1.1.0
2023-09-30 13:27:42,646 [WARN] PackLoader:240 - Cannot read IP mode file for STMicroelectronics.X-CUBE-ALS.1.0.1
2023-09-30 13:27:42,681 [WARN] PackLoader:240 - Cannot read IP mode file for STMicroelectronics.X-CUBE-AZRTOS-WB.1.1.0
2023-09-30 13:27:42,699 [WARN] PackLoader:240 - Cannot read IP mode file for STMicroelectronics.FP-ATR-ASTRA1.2.0.0
2023-09-30 13:27:42,700 [INFO] ThirdParty:978 - Integrity check success = true
2023-09-30 13:27:42,700 [INFO] IntegrityCheckThread:100 - exiting critical section [integrity check]
2023-09-30 13:27:42,700 [INFO] IntegrityCheckThread:103 - End integrity checks thread
2023-09-30 13:27:44,073 [INFO] WebApp:157 - Instantiating new browser for Auth
2023-09-30 13:27:45,021 [INFO] WebApp:753 - Register for checkConnection events
2023-09-30 13:27:45,021 [INFO] WebApp:390 - Apply proxy settings
2023-09-30 13:27:45,021 [INFO] WebApp:475 - Chromium requires no authentication
2023-09-30 13:27:45,034 [INFO] WebApp:418 - Direct internet connection detected
2023-09-30 13:27:45,325 [INFO] WebApp:188 - Starting web application
2023-09-30 13:27:45,325 [INFO] WebApp:520 - Web application path used D:\ST\STM32CubeIDE_1.12.0\STM32CubeIDE\plugins\com.st.stm32cube.common.mx_6.9.2.202309101412\db\plugins\mcufinder\reactClient1\index.html
2023-09-30 13:28:06,920 [ERROR] LogOutputStream:75 - [STDERR_REDIRECT] SLF4J: Failed to load class "org.slf4j.impl.StaticLoggerBinder".
2023-09-30 13:28:06,921 [ERROR] LogOutputStream:75 - [STDERR_REDIRECT] SLF4J: Defaulting to no-operation (NOP) logger implementation
2023-09-30 13:28:06,922 [ERROR] LogOutputStream:75 - [STDERR_REDIRECT] SLF4J: See http://www.slf4j.org/codes.html#StaticLoggerBinder for further details.
2023-09-30 15:39:19,559 [ERROR] LogOutputStream:75 - [STDERR_REDIRECT] 
